2023-03-17 13:00:18,331 [Worker-5: Loading available Gradle versions] INFO  o.e.b.c.i.u.g.PublishedGradleVersions - Gradle version information cache is up-to-date. Trying to read.
2023-03-17 13:04:05,234 [Worker-7: Importing Maven projects] INFO  o.e.m.c.i.l.LifecycleMappingFactory - Using org.eclipse.m2e.jdt.JarLifecycleMapping lifecycle mapping for MavenProject: Ninjacoder:DS_Algo:0.0.1-SNAPSHOT @ C:\Users\nimbo\Desktop\Radhika\16March\DS_Algo\DS_Algo\pom.xml.
2023-03-17 13:04:38,195 [Worker-7: Importing Maven projects] INFO  o.e.m.j.i.AbstractJavaProjectConfigurator - Adding source folder /DS_Algo/src/main/java
2023-03-17 13:04:38,198 [Worker-7: Importing Maven projects] INFO  o.e.m.j.i.AbstractJavaProjectConfigurator - Adding source folder /DS_Algo/src/test/java
2023-03-17 13:04:38,201 [Worker-7: Importing Maven projects] INFO  o.e.m.j.i.AbstractJavaProjectConfigurator - Adding resource folder /DS_Algo/src/test/resources
2023-03-17 13:04:39,723 [Worker-7: Importing Maven projects] INFO  o.e.m.c.i.p.ProjectConfigurationManager - Imported and configured 1 project(s) in 48 sec
2023-03-17 13:04:40,410 [Worker-23: Updating Maven Project] INFO  o.e.m.c.i.p.ProjectConfigurationManager - Update started
2023-03-17 13:04:41,902 [Worker-23: Updating Maven Project] INFO  o.e.m.c.i.l.LifecycleMappingFactory - Using org.eclipse.m2e.jdt.JarLifecycleMapping lifecycle mapping for MavenProject: Ninjacoder:DS_Algo:0.0.1-SNAPSHOT @ C:\Users\nimbo\Desktop\Radhika\16March\DS_Algo\DS_Algo\pom.xml.
2023-03-17 13:04:44,809 [Worker-23: Updating Maven Project] INFO  o.e.m.j.i.AbstractJavaProjectConfigurator - Adding source folder /DS_Algo/src/main/java
2023-03-17 13:04:44,812 [Worker-23: Updating Maven Project] INFO  o.e.m.j.i.AbstractJavaProjectConfigurator - Adding source folder /DS_Algo/src/test/java
2023-03-17 13:04:44,813 [Worker-23: Updating Maven Project] INFO  o.e.m.j.i.AbstractJavaProjectConfigurator - Adding resource folder /DS_Algo/src/test/resources
2023-03-17 13:04:46,369 [Worker-23: Updating Maven Project] INFO  o.e.m.c.i.p.ProjectConfigurationManager - Update completed for 1 poms: local refresh takes 0.00 sec, refresh facades takes 3.00 sec, update config takes 1.00 sec 
2023-03-17 13:08:19,336 [Worker-21: Building] INFO  o.e.m.c.i.embedder.EclipseLogger - Using 'UTF-8' encoding to copy filtered resources.
2023-03-17 13:08:19,337 [Worker-21: Building] INFO  o.e.m.c.i.embedder.EclipseLogger - skip non existing resourceDirectory C:\Users\nimbo\Desktop\Radhika\16March\DS_Algo\DS_Algo\src\main\resources
2023-03-17 13:08:19,341 [Worker-21: Building] INFO  o.e.m.c.i.embedder.EclipseLogger - Using 'UTF-8' encoding to copy filtered resources.
2023-03-17 13:08:19,353 [Worker-21: Building] INFO  o.e.m.c.i.embedder.EclipseLogger - Copying 4 resources
2023-03-17 14:40:11,783 [Worker-30: Launching TestRunner] INFO  o.e.m.c.i.embedder.EclipseLogger - Using 'UTF-8' encoding to copy filtered resources.
2023-03-17 14:40:11,789 [Worker-30: Launching TestRunner] INFO  o.e.m.c.i.embedder.EclipseLogger - skip non existing resourceDirectory C:\Users\nimbo\Desktop\Radhika\16March\DS_Algo\DS_Algo\src\main\resources
2023-03-17 14:40:11,797 [Worker-30: Launching TestRunner] INFO  o.e.m.c.i.embedder.EclipseLogger - Using 'UTF-8' encoding to copy filtered resources.
2023-03-17 14:40:11,804 [Worker-30: Launching TestRunner] INFO  o.e.m.c.i.embedder.EclipseLogger - Copying 0 resource
2023-03-17 15:45:41,122 [Worker-44: Building] INFO  o.e.m.c.i.embedder.EclipseLogger - Using 'UTF-8' encoding to copy filtered resources.
2023-03-17 15:45:41,124 [Worker-44: Building] INFO  o.e.m.c.i.embedder.EclipseLogger - skip non existing resourceDirectory C:\Users\nimbo\Desktop\Radhika\16March\DS_Algo\DS_Algo\src\main\resources
2023-03-17 15:45:41,129 [Worker-44: Building] INFO  o.e.m.c.i.embedder.EclipseLogger - Using 'UTF-8' encoding to copy filtered resources.
2023-03-17 15:45:41,130 [Worker-44: Building] INFO  o.e.m.c.i.embedder.EclipseLogger - Copying 0 resource
2023-03-17 15:52:39,199 [Worker-42: Building] INFO  o.e.m.c.i.embedder.EclipseLogger - Using 'UTF-8' encoding to copy filtered resources.
2023-03-17 15:52:39,200 [Worker-42: Building] INFO  o.e.m.c.i.embedder.EclipseLogger - skip non existing resourceDirectory C:\Users\nimbo\Desktop\Radhika\16March\DS_Algo\DS_Algo\src\main\resources
2023-03-17 15:52:39,204 [Worker-42: Building] INFO  o.e.m.c.i.embedder.EclipseLogger - Using 'UTF-8' encoding to copy filtered resources.
2023-03-17 15:52:39,205 [Worker-42: Building] INFO  o.e.m.c.i.embedder.EclipseLogger - Copying 0 resource
2023-03-17 15:52:47,141 [Worker-44: Building] INFO  o.e.m.c.i.embedder.EclipseLogger - Using 'UTF-8' encoding to copy filtered resources.
2023-03-17 15:52:47,142 [Worker-44: Building] INFO  o.e.m.c.i.embedder.EclipseLogger - skip non existing resourceDirectory C:\Users\nimbo\Desktop\Radhika\16March\DS_Algo\DS_Algo\src\main\resources
2023-03-17 15:52:47,148 [Worker-44: Building] INFO  o.e.m.c.i.embedder.EclipseLogger - Using 'UTF-8' encoding to copy filtered resources.
2023-03-17 15:52:47,185 [Worker-44: Building] INFO  o.e.m.c.i.embedder.EclipseLogger - Copying 4 resources
2023-03-17 16:22:50,982 [Worker-48: Building] INFO  o.e.m.c.i.embedder.EclipseLogger - Using 'UTF-8' encoding to copy filtered resources.
2023-03-17 16:22:50,983 [Worker-48: Building] INFO  o.e.m.c.i.embedder.EclipseLogger - skip non existing resourceDirectory C:\Users\nimbo\Desktop\Radhika\16March\DS_Algo\DS_Algo\src\main\resources
2023-03-17 16:22:50,986 [Worker-48: Building] INFO  o.e.m.c.i.embedder.EclipseLogger - Using 'UTF-8' encoding to copy filtered resources.
2023-03-17 16:22:50,991 [Worker-48: Building] INFO  o.e.m.c.i.embedder.EclipseLogger - Copying 4 resources
2023-03-17 16:35:56,763 [Worker-48: Building] INFO  o.e.m.c.i.embedder.EclipseLogger - Using 'UTF-8' encoding to copy filtered resources.
2023-03-17 16:35:56,764 [Worker-48: Building] INFO  o.e.m.c.i.embedder.EclipseLogger - skip non existing resourceDirectory C:\Users\nimbo\Desktop\Radhika\16March\DS_Algo\DS_Algo\src\main\resources
2023-03-17 16:35:56,769 [Worker-48: Building] INFO  o.e.m.c.i.embedder.EclipseLogger - Using 'UTF-8' encoding to copy filtered resources.
2023-03-17 16:35:56,770 [Worker-48: Building] INFO  o.e.m.c.i.embedder.EclipseLogger - Copying 0 resource
2023-03-17 16:39:07,842 [Worker-55: Building] INFO  o.e.m.c.i.embedder.EclipseLogger - Using 'UTF-8' encoding to copy filtered resources.
2023-03-17 16:39:07,843 [Worker-55: Building] INFO  o.e.m.c.i.embedder.EclipseLogger - skip non existing resourceDirectory C:\Users\nimbo\Desktop\Radhika\16March\DS_Algo\DS_Algo\src\main\resources
2023-03-17 16:39:07,849 [Worker-55: Building] INFO  o.e.m.c.i.embedder.EclipseLogger - Using 'UTF-8' encoding to copy filtered resources.
2023-03-17 16:39:07,852 [Worker-55: Building] INFO  o.e.m.c.i.embedder.EclipseLogger - Copying 4 resources
2023-03-17 16:41:28,520 [Worker-56: Building] INFO  o.e.m.c.i.embedder.EclipseLogger - Using 'UTF-8' encoding to copy filtered resources.
2023-03-17 16:41:28,522 [Worker-56: Building] INFO  o.e.m.c.i.embedder.EclipseLogger - skip non existing resourceDirectory C:\Users\nimbo\Desktop\Radhika\16March\DS_Algo\DS_Algo\src\main\resources
2023-03-17 16:41:28,527 [Worker-56: Building] INFO  o.e.m.c.i.embedder.EclipseLogger - Using 'UTF-8' encoding to copy filtered resources.
2023-03-17 16:41:28,533 [Worker-56: Building] INFO  o.e.m.c.i.embedder.EclipseLogger - Copying 4 resources
2023-03-17 16:45:29,450 [Worker-59: Building] INFO  o.e.m.c.i.embedder.EclipseLogger - Using 'UTF-8' encoding to copy filtered resources.
2023-03-17 16:45:29,451 [Worker-59: Building] INFO  o.e.m.c.i.embedder.EclipseLogger - skip non existing resourceDirectory C:\Users\nimbo\Desktop\Radhika\16March\DS_Algo\DS_Algo\src\main\resources
2023-03-17 16:45:29,457 [Worker-59: Building] INFO  o.e.m.c.i.embedder.EclipseLogger - Using 'UTF-8' encoding to copy filtered resources.
2023-03-17 16:45:29,462 [Worker-59: Building] INFO  o.e.m.c.i.embedder.EclipseLogger - Copying 4 resources
2023-03-17 16:54:43,803 [Worker-61: Building] INFO  o.e.m.c.i.embedder.EclipseLogger - Using 'UTF-8' encoding to copy filtered resources.
2023-03-17 16:54:43,804 [Worker-61: Building] INFO  o.e.m.c.i.embedder.EclipseLogger - skip non existing resourceDirectory C:\Users\nimbo\Desktop\Radhika\16March\DS_Algo\DS_Algo\src\main\resources
2023-03-17 16:54:43,808 [Worker-61: Building] INFO  o.e.m.c.i.embedder.EclipseLogger - Using 'UTF-8' encoding to copy filtered resources.
2023-03-17 16:54:43,813 [Worker-61: Building] INFO  o.e.m.c.i.embedder.EclipseLogger - Copying 4 resources
2023-03-17 17:15:35,804 [Worker-74: Launching TestRunner] INFO  o.e.m.c.i.embedder.EclipseLogger - Using 'UTF-8' encoding to copy filtered resources.
2023-03-17 17:15:35,806 [Worker-74: Launching TestRunner] INFO  o.e.m.c.i.embedder.EclipseLogger - skip non existing resourceDirectory C:\Users\nimbo\Desktop\Radhika\16March\DS_Algo\DS_Algo\src\main\resources
2023-03-17 17:15:35,809 [Worker-74: Launching TestRunner] INFO  o.e.m.c.i.embedder.EclipseLogger - Using 'UTF-8' encoding to copy filtered resources.
2023-03-17 17:15:35,813 [Worker-74: Launching TestRunner] INFO  o.e.m.c.i.embedder.EclipseLogger - Copying 4 resources
2023-03-17 17:21:18,373 [Worker-76: Launching TestRunner] INFO  o.e.m.c.i.embedder.EclipseLogger - Using 'UTF-8' encoding to copy filtered resources.
2023-03-17 17:21:18,376 [Worker-76: Launching TestRunner] INFO  o.e.m.c.i.embedder.EclipseLogger - skip non existing resourceDirectory C:\Users\nimbo\Desktop\Radhika\16March\DS_Algo\DS_Algo\src\main\resources
2023-03-17 17:21:18,392 [Worker-76: Launching TestRunner] INFO  o.e.m.c.i.embedder.EclipseLogger - Using 'UTF-8' encoding to copy filtered resources.
2023-03-17 17:21:18,406 [Worker-76: Launching TestRunner] INFO  o.e.m.c.i.embedder.EclipseLogger - Copying 4 resources
2023-03-17 17:24:02,404 [Worker-80: Building] INFO  o.e.m.c.i.embedder.EclipseLogger - Using 'UTF-8' encoding to copy filtered resources.
2023-03-17 17:24:02,409 [Worker-80: Building] INFO  o.e.m.c.i.embedder.EclipseLogger - skip non existing resourceDirectory C:\Users\nimbo\Desktop\Radhika\16March\DS_Algo\DS_Algo\src\main\resources
2023-03-17 17:24:02,420 [Worker-80: Building] INFO  o.e.m.c.i.embedder.EclipseLogger - Using 'UTF-8' encoding to copy filtered resources.
2023-03-17 17:24:02,430 [Worker-80: Building] INFO  o.e.m.c.i.embedder.EclipseLogger - Copying 4 resources
2023-03-17 17:24:19,481 [Worker-80: Building] INFO  o.e.m.c.i.embedder.EclipseLogger - Using 'UTF-8' encoding to copy filtered resources.
2023-03-17 17:24:19,483 [Worker-80: Building] INFO  o.e.m.c.i.embedder.EclipseLogger - skip non existing resourceDirectory C:\Users\nimbo\Desktop\Radhika\16March\DS_Algo\DS_Algo\src\main\resources
2023-03-17 17:24:19,497 [Worker-80: Building] INFO  o.e.m.c.i.embedder.EclipseLogger - Using 'UTF-8' encoding to copy filtered resources.
2023-03-17 17:24:19,513 [Worker-80: Building] INFO  o.e.m.c.i.embedder.EclipseLogger - Copying 4 resources
2023-03-17 17:25:52,673 [Worker-77: Building] INFO  o.e.m.c.i.embedder.EclipseLogger - Using 'UTF-8' encoding to copy filtered resources.
2023-03-17 17:25:52,675 [Worker-77: Building] INFO  o.e.m.c.i.embedder.EclipseLogger - skip non existing resourceDirectory C:\Users\nimbo\Desktop\Radhika\16March\DS_Algo\DS_Algo\src\main\resources
2023-03-17 17:25:52,693 [Worker-77: Building] INFO  o.e.m.c.i.embedder.EclipseLogger - Using 'UTF-8' encoding to copy filtered resources.
2023-03-17 17:25:52,700 [Worker-77: Building] INFO  o.e.m.c.i.embedder.EclipseLogger - Copying 4 resources
2023-03-17 17:26:03,547 [Worker-80: Building] INFO  o.e.m.c.i.embedder.EclipseLogger - Using 'UTF-8' encoding to copy filtered resources.
2023-03-17 17:26:03,549 [Worker-80: Building] INFO  o.e.m.c.i.embedder.EclipseLogger - skip non existing resourceDirectory C:\Users\nimbo\Desktop\Radhika\16March\DS_Algo\DS_Algo\src\main\resources
2023-03-17 17:26:03,558 [Worker-80: Building] INFO  o.e.m.c.i.embedder.EclipseLogger - Using 'UTF-8' encoding to copy filtered resources.
2023-03-17 17:26:03,566 [Worker-80: Building] INFO  o.e.m.c.i.embedder.EclipseLogger - Copying 4 resources
2023-03-17 17:28:19,522 [Worker-72: Building] INFO  o.e.m.c.i.embedder.EclipseLogger - Using 'UTF-8' encoding to copy filtered resources.
2023-03-17 17:28:19,524 [Worker-72: Building] INFO  o.e.m.c.i.embedder.EclipseLogger - skip non existing resourceDirectory C:\Users\nimbo\Desktop\Radhika\16March\DS_Algo\DS_Algo\src\main\resources
2023-03-17 17:28:19,535 [Worker-72: Building] INFO  o.e.m.c.i.embedder.EclipseLogger - Using 'UTF-8' encoding to copy filtered resources.
2023-03-17 17:28:19,537 [Worker-72: Building] INFO  o.e.m.c.i.embedder.EclipseLogger - Copying 0 resource
2023-03-17 17:34:05,342 [Worker-83: Building] INFO  o.e.m.c.i.embedder.EclipseLogger - Using 'UTF-8' encoding to copy filtered resources.
2023-03-17 17:34:05,343 [Worker-83: Building] INFO  o.e.m.c.i.embedder.EclipseLogger - skip non existing resourceDirectory C:\Users\nimbo\Desktop\Radhika\16March\DS_Algo\DS_Algo\src\main\resources
2023-03-17 17:34:05,351 [Worker-83: Building] INFO  o.e.m.c.i.embedder.EclipseLogger - Using 'UTF-8' encoding to copy filtered resources.
2023-03-17 17:34:05,358 [Worker-83: Building] INFO  o.e.m.c.i.embedder.EclipseLogger - Copying 4 resources
2023-03-17 17:44:02,727 [Worker-90: Building] INFO  o.e.m.c.i.embedder.EclipseLogger - Using 'UTF-8' encoding to copy filtered resources.
2023-03-17 17:44:02,729 [Worker-90: Building] INFO  o.e.m.c.i.embedder.EclipseLogger - skip non existing resourceDirectory C:\Users\nimbo\Desktop\Radhika\16March\DS_Algo\DS_Algo\src\main\resources
2023-03-17 17:44:02,737 [Worker-90: Building] INFO  o.e.m.c.i.embedder.EclipseLogger - Using 'UTF-8' encoding to copy filtered resources.
2023-03-17 17:44:02,738 [Worker-90: Building] INFO  o.e.m.c.i.embedder.EclipseLogger - Copying 0 resource
2023-03-17 17:46:06,647 [Worker-86: Building] INFO  o.e.m.c.i.embedder.EclipseLogger - Using 'UTF-8' encoding to copy filtered resources.
2023-03-17 17:46:06,649 [Worker-86: Building] INFO  o.e.m.c.i.embedder.EclipseLogger - skip non existing resourceDirectory C:\Users\nimbo\Desktop\Radhika\16March\DS_Algo\DS_Algo\src\main\resources
2023-03-17 17:46:06,820 [Worker-86: Building] INFO  o.e.m.c.i.embedder.EclipseLogger - Using 'UTF-8' encoding to copy filtered resources.
2023-03-17 17:46:06,830 [Worker-86: Building] INFO  o.e.m.c.i.embedder.EclipseLogger - Copying 4 resources
2023-03-17 17:47:08,045 [Worker-92: Building] INFO  o.e.m.c.i.embedder.EclipseLogger - Using 'UTF-8' encoding to copy filtered resources.
2023-03-17 17:47:08,049 [Worker-92: Building] INFO  o.e.m.c.i.embedder.EclipseLogger - skip non existing resourceDirectory C:\Users\nimbo\Desktop\Radhika\16March\DS_Algo\DS_Algo\src\main\resources
2023-03-17 17:47:08,060 [Worker-92: Building] INFO  o.e.m.c.i.embedder.EclipseLogger - Using 'UTF-8' encoding to copy filtered resources.
2023-03-17 17:47:08,070 [Worker-92: Building] INFO  o.e.m.c.i.embedder.EclipseLogger - Copying 4 resources
2023-03-21 15:56:04,817 [Worker-93: Building] INFO  o.e.m.c.i.embedder.EclipseLogger - Using 'UTF-8' encoding to copy filtered resources.
2023-03-21 15:56:04,825 [Worker-93: Building] INFO  o.e.m.c.i.embedder.EclipseLogger - skip non existing resourceDirectory C:\Users\nimbo\Desktop\Radhika\16March\DS_Algo\DS_Algo\src\main\resources
2023-03-21 15:56:04,839 [Worker-93: Building] INFO  o.e.m.c.i.embedder.EclipseLogger - Using 'UTF-8' encoding to copy filtered resources.
2023-03-21 15:56:04,859 [Worker-93: Building] INFO  o.e.m.c.i.embedder.EclipseLogger - Copying 4 resources
2023-03-21 15:57:49,356 [Worker-98: Building] INFO  o.e.m.c.i.embedder.EclipseLogger - Using 'UTF-8' encoding to copy filtered resources.
2023-03-21 15:57:49,358 [Worker-98: Building] INFO  o.e.m.c.i.embedder.EclipseLogger - skip non existing resourceDirectory C:\Users\nimbo\Desktop\Radhika\16March\DS_Algo\DS_Algo\src\main\resources
2023-03-21 15:57:49,371 [Worker-98: Building] INFO  o.e.m.c.i.embedder.EclipseLogger - Using 'UTF-8' encoding to copy filtered resources.
2023-03-21 15:57:49,373 [Worker-98: Building] INFO  o.e.m.c.i.embedder.EclipseLogger - Copying 0 resource
2023-03-21 16:57:04,391 [Worker-105: Launching TestRunner] INFO  o.e.m.c.i.embedder.EclipseLogger - Using 'UTF-8' encoding to copy filtered resources.
2023-03-21 16:57:04,400 [Worker-105: Launching TestRunner] INFO  o.e.m.c.i.embedder.EclipseLogger - skip non existing resourceDirectory C:\Users\nimbo\Desktop\Radhika\16March\DS_Algo\DS_Algo\src\main\resources
2023-03-21 16:57:04,413 [Worker-105: Launching TestRunner] INFO  o.e.m.c.i.embedder.EclipseLogger - Using 'UTF-8' encoding to copy filtered resources.
2023-03-21 16:57:04,429 [Worker-105: Launching TestRunner] INFO  o.e.m.c.i.embedder.EclipseLogger - Copying 4 resources
2023-03-21 17:18:31,181 [Worker-111: Building] INFO  o.e.m.c.i.embedder.EclipseLogger - Using 'UTF-8' encoding to copy filtered resources.
2023-03-21 17:18:31,182 [Worker-111: Building] INFO  o.e.m.c.i.embedder.EclipseLogger - skip non existing resourceDirectory C:\Users\nimbo\Desktop\Radhika\16March\DS_Algo\DS_Algo\src\main\resources
2023-03-21 17:18:31,188 [Worker-111: Building] INFO  o.e.m.c.i.embedder.EclipseLogger - Using 'UTF-8' encoding to copy filtered resources.
2023-03-21 17:18:31,195 [Worker-111: Building] INFO  o.e.m.c.i.embedder.EclipseLogger - Copying 4 resources
2023-03-23 17:19:53,148 [Worker-120: Launching Tree.feature] INFO  o.e.m.c.i.embedder.EclipseLogger - Using 'UTF-8' encoding to copy filtered resources.
2023-03-23 17:19:53,152 [Worker-120: Launching Tree.feature] INFO  o.e.m.c.i.embedder.EclipseLogger - skip non existing resourceDirectory C:\Users\nimbo\Desktop\Radhika\16March\DS_Algo\DS_Algo\src\main\resources
2023-03-23 17:19:53,156 [Worker-120: Launching Tree.feature] INFO  o.e.m.c.i.embedder.EclipseLogger - Using 'UTF-8' encoding to copy filtered resources.
2023-03-23 17:19:53,168 [Worker-120: Launching Tree.feature] INFO  o.e.m.c.i.embedder.EclipseLogger - Copying 1 resource
2023-03-24 01:20:59,363 [Worker-126: Building] INFO  o.e.m.c.i.embedder.EclipseLogger - Using 'UTF-8' encoding to copy filtered resources.
2023-03-24 01:20:59,367 [Worker-126: Building] INFO  o.e.m.c.i.embedder.EclipseLogger - skip non existing resourceDirectory C:\Users\nimbo\Desktop\Radhika\16March\DS_Algo\DS_Algo\src\main\resources
2023-03-24 01:20:59,372 [Worker-126: Building] INFO  o.e.m.c.i.embedder.EclipseLogger - Using 'UTF-8' encoding to copy filtered resources.
2023-03-24 01:20:59,373 [Worker-126: Building] INFO  o.e.m.c.i.embedder.EclipseLogger - Copying 1 resource
2023-03-24 01:23:21,136 [Worker-129: Building] INFO  o.e.m.c.i.embedder.EclipseLogger - Using 'UTF-8' encoding to copy filtered resources.
2023-03-24 01:23:21,136 [Worker-129: Building] INFO  o.e.m.c.i.embedder.EclipseLogger - skip non existing resourceDirectory C:\Users\nimbo\Desktop\Radhika\16March\DS_Algo\DS_Algo\src\main\resources
2023-03-24 01:23:21,139 [Worker-129: Building] INFO  o.e.m.c.i.embedder.EclipseLogger - Using 'UTF-8' encoding to copy filtered resources.
2023-03-24 01:23:21,142 [Worker-129: Building] INFO  o.e.m.c.i.embedder.EclipseLogger - Copying 4 resources
2023-03-24 01:25:11,910 [Worker-129: Building] INFO  o.e.m.c.i.embedder.EclipseLogger - Using 'UTF-8' encoding to copy filtered resources.
2023-03-24 01:25:11,910 [Worker-129: Building] INFO  o.e.m.c.i.embedder.EclipseLogger - skip non existing resourceDirectory C:\Users\nimbo\Desktop\Radhika\16March\DS_Algo\DS_Algo\src\main\resources
2023-03-24 01:25:11,912 [Worker-129: Building] INFO  o.e.m.c.i.embedder.EclipseLogger - Using 'UTF-8' encoding to copy filtered resources.
2023-03-24 01:25:11,914 [Worker-129: Building] INFO  o.e.m.c.i.embedder.EclipseLogger - Copying 4 resources
2023-03-24 01:26:31,835 [Worker-133: Building] INFO  o.e.m.c.i.embedder.EclipseLogger - Using 'UTF-8' encoding to copy filtered resources.
2023-03-24 01:26:31,836 [Worker-133: Building] INFO  o.e.m.c.i.embedder.EclipseLogger - skip non existing resourceDirectory C:\Users\nimbo\Desktop\Radhika\16March\DS_Algo\DS_Algo\src\main\resources
2023-03-24 01:26:31,838 [Worker-133: Building] INFO  o.e.m.c.i.embedder.EclipseLogger - Using 'UTF-8' encoding to copy filtered resources.
2023-03-24 01:26:31,839 [Worker-133: Building] INFO  o.e.m.c.i.embedder.EclipseLogger - Copying 0 resource
2023-03-24 01:27:14,504 [Worker-132: Building] INFO  o.e.m.c.i.embedder.EclipseLogger - Using 'UTF-8' encoding to copy filtered resources.
2023-03-24 01:27:14,504 [Worker-132: Building] INFO  o.e.m.c.i.embedder.EclipseLogger - skip non existing resourceDirectory C:\Users\nimbo\Desktop\Radhika\16March\DS_Algo\DS_Algo\src\main\resources
2023-03-24 01:27:14,507 [Worker-132: Building] INFO  o.e.m.c.i.embedder.EclipseLogger - Using 'UTF-8' encoding to copy filtered resources.
2023-03-24 01:27:14,509 [Worker-132: Building] INFO  o.e.m.c.i.embedder.EclipseLogger - Copying 4 resources
2023-03-24 01:28:38,837 [Worker-132: Building] INFO  o.e.m.c.i.embedder.EclipseLogger - Using 'UTF-8' encoding to copy filtered resources.
2023-03-24 01:28:38,837 [Worker-132: Building] INFO  o.e.m.c.i.embedder.EclipseLogger - skip non existing resourceDirectory C:\Users\nimbo\Desktop\Radhika\16March\DS_Algo\DS_Algo\src\main\resources
2023-03-24 01:28:38,840 [Worker-132: Building] INFO  o.e.m.c.i.embedder.EclipseLogger - Using 'UTF-8' encoding to copy filtered resources.
2023-03-24 01:28:38,841 [Worker-132: Building] INFO  o.e.m.c.i.embedder.EclipseLogger - Copying 1 resource
2023-03-24 01:28:54,404 [Worker-126: Building] INFO  o.e.m.c.i.embedder.EclipseLogger - Using 'UTF-8' encoding to copy filtered resources.
2023-03-24 01:28:54,407 [Worker-126: Building] INFO  o.e.m.c.i.embedder.EclipseLogger - skip non existing resourceDirectory C:\Users\nimbo\Desktop\Radhika\16March\DS_Algo\DS_Algo\src\main\resources
2023-03-24 01:28:54,422 [Worker-126: Building] INFO  o.e.m.c.i.embedder.EclipseLogger - Using 'UTF-8' encoding to copy filtered resources.
2023-03-24 01:28:54,426 [Worker-126: Building] INFO  o.e.m.c.i.embedder.EclipseLogger - Copying 1 resource
2023-03-24 15:52:50,776 [Worker-129: Building] INFO  o.e.m.c.i.embedder.EclipseLogger - Using 'UTF-8' encoding to copy filtered resources.
2023-03-24 15:52:50,776 [Worker-129: Building] INFO  o.e.m.c.i.embedder.EclipseLogger - skip non existing resourceDirectory C:\Users\nimbo\Desktop\Radhika\16March\DS_Algo\DS_Algo\src\main\resources
2023-03-24 15:52:50,778 [Worker-129: Building] INFO  o.e.m.c.i.embedder.EclipseLogger - Using 'UTF-8' encoding to copy filtered resources.
2023-03-24 15:52:50,778 [Worker-129: Building] INFO  o.e.m.c.i.embedder.EclipseLogger - Copying 1 resource
2023-03-24 16:00:22,471 [Worker-137: Building] INFO  o.e.m.c.i.embedder.EclipseLogger - Using 'UTF-8' encoding to copy filtered resources.
2023-03-24 16:00:22,471 [Worker-137: Building] INFO  o.e.m.c.i.embedder.EclipseLogger - skip non existing resourceDirectory C:\Users\nimbo\Desktop\Radhika\16March\DS_Algo\DS_Algo\src\main\resources
2023-03-24 16:00:22,474 [Worker-137: Building] INFO  o.e.m.c.i.embedder.EclipseLogger - Using 'UTF-8' encoding to copy filtered resources.
2023-03-24 16:00:22,476 [Worker-137: Building] INFO  o.e.m.c.i.embedder.EclipseLogger - Copying 4 resources
2023-03-24 16:25:52,225 [Worker-142: Building] INFO  o.e.m.c.i.embedder.EclipseLogger - Using 'UTF-8' encoding to copy filtered resources.
2023-03-24 16:25:52,225 [Worker-142: Building] INFO  o.e.m.c.i.embedder.EclipseLogger - skip non existing resourceDirectory C:\Users\nimbo\Desktop\Radhika\16March\DS_Algo\DS_Algo\src\main\resources
2023-03-24 16:25:52,227 [Worker-142: Building] INFO  o.e.m.c.i.embedder.EclipseLogger - Using 'UTF-8' encoding to copy filtered resources.
2023-03-24 16:25:52,228 [Worker-142: Building] INFO  o.e.m.c.i.embedder.EclipseLogger - Copying 1 resource
2023-03-24 16:26:43,814 [Worker-140: Building] INFO  o.e.m.c.i.embedder.EclipseLogger - Using 'UTF-8' encoding to copy filtered resources.
2023-03-24 16:26:43,814 [Worker-140: Building] INFO  o.e.m.c.i.embedder.EclipseLogger - skip non existing resourceDirectory C:\Users\nimbo\Desktop\Radhika\16March\DS_Algo\DS_Algo\src\main\resources
2023-03-24 16:26:43,816 [Worker-140: Building] INFO  o.e.m.c.i.embedder.EclipseLogger - Using 'UTF-8' encoding to copy filtered resources.
2023-03-24 16:26:43,817 [Worker-140: Building] INFO  o.e.m.c.i.embedder.EclipseLogger - Copying 1 resource
2023-03-24 17:00:56,789 [Worker-147: Building] INFO  o.e.m.c.i.embedder.EclipseLogger - Using 'UTF-8' encoding to copy filtered resources.
2023-03-24 17:00:56,790 [Worker-147: Building] INFO  o.e.m.c.i.embedder.EclipseLogger - skip non existing resourceDirectory C:\Users\nimbo\Desktop\Radhika\16March\DS_Algo\DS_Algo\src\main\resources
2023-03-24 17:00:56,792 [Worker-147: Building] INFO  o.e.m.c.i.embedder.EclipseLogger - Using 'UTF-8' encoding to copy filtered resources.
2023-03-24 17:00:56,794 [Worker-147: Building] INFO  o.e.m.c.i.embedder.EclipseLogger - Copying 4 resources
2023-03-24 17:10:58,570 [Worker-151: Building] INFO  o.e.m.c.i.embedder.EclipseLogger - Using 'UTF-8' encoding to copy filtered resources.
2023-03-24 17:10:58,571 [Worker-151: Building] INFO  o.e.m.c.i.embedder.EclipseLogger - skip non existing resourceDirectory C:\Users\nimbo\Desktop\Radhika\16March\DS_Algo\DS_Algo\src\main\resources
2023-03-24 17:10:58,574 [Worker-151: Building] INFO  o.e.m.c.i.embedder.EclipseLogger - Using 'UTF-8' encoding to copy filtered resources.
2023-03-24 17:10:58,574 [Worker-151: Building] INFO  o.e.m.c.i.embedder.EclipseLogger - Copying 0 resource
2023-03-24 23:53:14,914 [Worker-156: Building] INFO  o.e.m.c.i.embedder.EclipseLogger - Using 'UTF-8' encoding to copy filtered resources.
2023-03-24 23:53:14,914 [Worker-156: Building] INFO  o.e.m.c.i.embedder.EclipseLogger - skip non existing resourceDirectory C:\Users\nimbo\Desktop\Radhika\16March\DS_Algo\DS_Algo\src\main\resources
2023-03-24 23:53:14,916 [Worker-156: Building] INFO  o.e.m.c.i.embedder.EclipseLogger - Using 'UTF-8' encoding to copy filtered resources.
2023-03-24 23:53:14,917 [Worker-156: Building] INFO  o.e.m.c.i.embedder.EclipseLogger - Copying 0 resource
2023-03-25 00:18:12,890 [Worker-158: Building] INFO  o.e.m.c.i.embedder.EclipseLogger - Using 'UTF-8' encoding to copy filtered resources.
2023-03-25 00:18:12,891 [Worker-158: Building] INFO  o.e.m.c.i.embedder.EclipseLogger - skip non existing resourceDirectory C:\Users\nimbo\Desktop\Radhika\16March\DS_Algo\DS_Algo\src\main\resources
2023-03-25 00:18:12,893 [Worker-158: Building] INFO  o.e.m.c.i.embedder.EclipseLogger - Using 'UTF-8' encoding to copy filtered resources.
2023-03-25 00:18:12,895 [Worker-158: Building] INFO  o.e.m.c.i.embedder.EclipseLogger - Copying 4 resources
2023-03-25 00:50:24,869 [Worker-160: Building] INFO  o.e.m.c.i.embedder.EclipseLogger - Using 'UTF-8' encoding to copy filtered resources.
2023-03-25 00:50:24,870 [Worker-160: Building] INFO  o.e.m.c.i.embedder.EclipseLogger - skip non existing resourceDirectory C:\Users\nimbo\Desktop\Radhika\16March\DS_Algo\DS_Algo\src\main\resources
2023-03-25 00:50:24,872 [Worker-160: Building] INFO  o.e.m.c.i.embedder.EclipseLogger - Using 'UTF-8' encoding to copy filtered resources.
2023-03-25 00:50:24,874 [Worker-160: Building] INFO  o.e.m.c.i.embedder.EclipseLogger - Copying 4 resources
2023-03-25 00:52:40,656 [Worker-160: Building] INFO  o.e.m.c.i.embedder.EclipseLogger - Using 'UTF-8' encoding to copy filtered resources.
2023-03-25 00:52:40,657 [Worker-160: Building] INFO  o.e.m.c.i.embedder.EclipseLogger - skip non existing resourceDirectory C:\Users\nimbo\Desktop\Radhika\16March\DS_Algo\DS_Algo\src\main\resources
2023-03-25 00:52:40,660 [Worker-160: Building] INFO  o.e.m.c.i.embedder.EclipseLogger - Using 'UTF-8' encoding to copy filtered resources.
2023-03-25 00:52:40,663 [Worker-160: Building] INFO  o.e.m.c.i.embedder.EclipseLogger - Copying 4 resources
2023-03-25 01:08:29,805 [Worker-174: Building] INFO  o.e.m.c.i.embedder.EclipseLogger - Using 'UTF-8' encoding to copy filtered resources.
2023-03-25 01:08:29,806 [Worker-174: Building] INFO  o.e.m.c.i.embedder.EclipseLogger - skip non existing resourceDirectory C:\Users\nimbo\Desktop\Radhika\16March\DS_Algo\DS_Algo\src\main\resources
2023-03-25 01:08:29,808 [Worker-174: Building] INFO  o.e.m.c.i.embedder.EclipseLogger - Using 'UTF-8' encoding to copy filtered resources.
2023-03-25 01:08:29,808 [Worker-174: Building] INFO  o.e.m.c.i.embedder.EclipseLogger - Copying 1 resource
2023-03-25 01:19:13,478 [Worker-172: Building] INFO  o.e.m.c.i.embedder.EclipseLogger - Using 'UTF-8' encoding to copy filtered resources.
2023-03-25 01:19:13,478 [Worker-172: Building] INFO  o.e.m.c.i.embedder.EclipseLogger - skip non existing resourceDirectory C:\Users\nimbo\Desktop\Radhika\16March\DS_Algo\DS_Algo\src\main\resources
2023-03-25 01:19:13,480 [Worker-172: Building] INFO  o.e.m.c.i.embedder.EclipseLogger - Using 'UTF-8' encoding to copy filtered resources.
2023-03-25 01:19:13,482 [Worker-172: Building] INFO  o.e.m.c.i.embedder.EclipseLogger - Copying 4 resources
2023-03-25 01:20:00,656 [Worker-177: Building] INFO  o.e.m.c.i.embedder.EclipseLogger - Using 'UTF-8' encoding to copy filtered resources.
2023-03-25 01:20:00,656 [Worker-177: Building] INFO  o.e.m.c.i.embedder.EclipseLogger - skip non existing resourceDirectory C:\Users\nimbo\Desktop\Radhika\16March\DS_Algo\DS_Algo\src\main\resources
2023-03-25 01:20:00,659 [Worker-177: Building] INFO  o.e.m.c.i.embedder.EclipseLogger - Using 'UTF-8' encoding to copy filtered resources.
2023-03-25 01:20:00,660 [Worker-177: Building] INFO  o.e.m.c.i.embedder.EclipseLogger - Copying 1 resource
2023-03-25 01:20:40,086 [Worker-177: Building] INFO  o.e.m.c.i.embedder.EclipseLogger - Using 'UTF-8' encoding to copy filtered resources.
2023-03-25 01:20:40,089 [Worker-177: Building] INFO  o.e.m.c.i.embedder.EclipseLogger - skip non existing resourceDirectory C:\Users\nimbo\Desktop\Radhika\16March\DS_Algo\DS_Algo\src\main\resources
2023-03-25 01:20:40,092 [Worker-177: Building] INFO  o.e.m.c.i.embedder.EclipseLogger - Using 'UTF-8' encoding to copy filtered resources.
2023-03-25 01:20:40,093 [Worker-177: Building] INFO  o.e.m.c.i.embedder.EclipseLogger - Copying 4 resources
2023-03-25 01:20:52,097 [Worker-179: Building] INFO  o.e.m.c.i.embedder.EclipseLogger - Using 'UTF-8' encoding to copy filtered resources.
2023-03-25 01:20:52,098 [Worker-179: Building] INFO  o.e.m.c.i.embedder.EclipseLogger - skip non existing resourceDirectory C:\Users\nimbo\Desktop\Radhika\16March\DS_Algo\DS_Algo\src\main\resources
2023-03-25 01:20:52,103 [Worker-179: Building] INFO  o.e.m.c.i.embedder.EclipseLogger - Using 'UTF-8' encoding to copy filtered resources.
2023-03-25 01:20:52,103 [Worker-179: Building] INFO  o.e.m.c.i.embedder.EclipseLogger - Copying 0 resource
2023-03-25 01:30:21,893 [Worker-180: Building] INFO  o.e.m.c.i.embedder.EclipseLogger - Using 'UTF-8' encoding to copy filtered resources.
2023-03-25 01:30:21,893 [Worker-180: Building] INFO  o.e.m.c.i.embedder.EclipseLogger - skip non existing resourceDirectory C:\Users\nimbo\Desktop\Radhika\16March\DS_Algo\DS_Algo\src\main\resources
2023-03-25 01:30:21,895 [Worker-180: Building] INFO  o.e.m.c.i.embedder.EclipseLogger - Using 'UTF-8' encoding to copy filtered resources.
2023-03-25 01:30:21,895 [Worker-180: Building] INFO  o.e.m.c.i.embedder.EclipseLogger - Copying 1 resource
2023-03-25 01:41:11,088 [Worker-187: Building] INFO  o.e.m.c.i.embedder.EclipseLogger - Using 'UTF-8' encoding to copy filtered resources.
2023-03-25 01:41:11,088 [Worker-187: Building] INFO  o.e.m.c.i.embedder.EclipseLogger - skip non existing resourceDirectory C:\Users\nimbo\Desktop\Radhika\16March\DS_Algo\DS_Algo\src\main\resources
2023-03-25 01:41:11,090 [Worker-187: Building] INFO  o.e.m.c.i.embedder.EclipseLogger - Using 'UTF-8' encoding to copy filtered resources.
2023-03-25 01:41:11,091 [Worker-187: Building] INFO  o.e.m.c.i.embedder.EclipseLogger - Copying 0 resource
2023-03-25 01:41:28,607 [Worker-186: Building] INFO  o.e.m.c.i.embedder.EclipseLogger - Using 'UTF-8' encoding to copy filtered resources.
2023-03-25 01:41:28,608 [Worker-186: Building] INFO  o.e.m.c.i.embedder.EclipseLogger - skip non existing resourceDirectory C:\Users\nimbo\Desktop\Radhika\16March\DS_Algo\DS_Algo\src\main\resources
2023-03-25 01:41:28,611 [Worker-186: Building] INFO  o.e.m.c.i.embedder.EclipseLogger - Using 'UTF-8' encoding to copy filtered resources.
2023-03-25 01:41:28,614 [Worker-186: Building] INFO  o.e.m.c.i.embedder.EclipseLogger - Copying 4 resources
2023-03-25 01:51:30,503 [Worker-183: Building] INFO  o.e.m.c.i.embedder.EclipseLogger - Using 'UTF-8' encoding to copy filtered resources.
2023-03-25 01:51:30,504 [Worker-183: Building] INFO  o.e.m.c.i.embedder.EclipseLogger - skip non existing resourceDirectory C:\Users\nimbo\Desktop\Radhika\16March\DS_Algo\DS_Algo\src\main\resources
2023-03-25 01:51:30,506 [Worker-183: Building] INFO  o.e.m.c.i.embedder.EclipseLogger - Using 'UTF-8' encoding to copy filtered resources.
2023-03-25 01:51:30,507 [Worker-183: Building] INFO  o.e.m.c.i.embedder.EclipseLogger - Copying 0 resource
2023-03-25 01:57:00,835 [Worker-194: Building] INFO  o.e.m.c.i.embedder.EclipseLogger - Using 'UTF-8' encoding to copy filtered resources.
2023-03-25 01:57:00,835 [Worker-194: Building] INFO  o.e.m.c.i.embedder.EclipseLogger - skip non existing resourceDirectory C:\Users\nimbo\Desktop\Radhika\16March\DS_Algo\DS_Algo\src\main\resources
2023-03-25 01:57:00,838 [Worker-194: Building] INFO  o.e.m.c.i.embedder.EclipseLogger - Using 'UTF-8' encoding to copy filtered resources.
2023-03-25 01:57:00,839 [Worker-194: Building] INFO  o.e.m.c.i.embedder.EclipseLogger - Copying 1 resource
2023-03-25 01:59:05,077 [Worker-183: Building] INFO  o.e.m.c.i.embedder.EclipseLogger - Using 'UTF-8' encoding to copy filtered resources.
2023-03-25 01:59:05,078 [Worker-183: Building] INFO  o.e.m.c.i.embedder.EclipseLogger - skip non existing resourceDirectory C:\Users\nimbo\Desktop\Radhika\16March\DS_Algo\DS_Algo\src\main\resources
2023-03-25 01:59:05,079 [Worker-183: Building] INFO  o.e.m.c.i.embedder.EclipseLogger - Using 'UTF-8' encoding to copy filtered resources.
2023-03-25 01:59:05,081 [Worker-183: Building] INFO  o.e.m.c.i.embedder.EclipseLogger - Copying 4 resources
2023-03-25 01:59:55,104 [Worker-194: Building] INFO  o.e.m.c.i.embedder.EclipseLogger - Using 'UTF-8' encoding to copy filtered resources.
2023-03-25 01:59:55,105 [Worker-194: Building] INFO  o.e.m.c.i.embedder.EclipseLogger - skip non existing resourceDirectory C:\Users\nimbo\Desktop\Radhika\16March\DS_Algo\DS_Algo\src\main\resources
2023-03-25 01:59:55,106 [Worker-194: Building] INFO  o.e.m.c.i.embedder.EclipseLogger - Using 'UTF-8' encoding to copy filtered resources.
2023-03-25 01:59:55,108 [Worker-194: Building] INFO  o.e.m.c.i.embedder.EclipseLogger - Copying 4 resources
2023-03-25 02:11:29,741 [Worker-193: Building] INFO  o.e.m.c.i.embedder.EclipseLogger - Using 'UTF-8' encoding to copy filtered resources.
2023-03-25 02:11:29,741 [Worker-193: Building] INFO  o.e.m.c.i.embedder.EclipseLogger - skip non existing resourceDirectory C:\Users\nimbo\Desktop\Radhika\16March\DS_Algo\DS_Algo\src\main\resources
2023-03-25 02:11:29,745 [Worker-193: Building] INFO  o.e.m.c.i.embedder.EclipseLogger - Using 'UTF-8' encoding to copy filtered resources.
2023-03-25 02:11:29,746 [Worker-193: Building] INFO  o.e.m.c.i.embedder.EclipseLogger - Copying 1 resource
2023-03-25 02:17:48,464 [Worker-195: Building] INFO  o.e.m.c.i.embedder.EclipseLogger - Using 'UTF-8' encoding to copy filtered resources.
2023-03-25 02:17:48,464 [Worker-195: Building] INFO  o.e.m.c.i.embedder.EclipseLogger - skip non existing resourceDirectory C:\Users\nimbo\Desktop\Radhika\16March\DS_Algo\DS_Algo\src\main\resources
2023-03-25 02:17:48,467 [Worker-195: Building] INFO  o.e.m.c.i.embedder.EclipseLogger - Using 'UTF-8' encoding to copy filtered resources.
2023-03-25 02:17:48,469 [Worker-195: Building] INFO  o.e.m.c.i.embedder.EclipseLogger - Copying 4 resources
2023-03-25 02:19:22,275 [Worker-195: Building] INFO  o.e.m.c.i.embedder.EclipseLogger - Using 'UTF-8' encoding to copy filtered resources.
2023-03-25 02:19:22,276 [Worker-195: Building] INFO  o.e.m.c.i.embedder.EclipseLogger - skip non existing resourceDirectory C:\Users\nimbo\Desktop\Radhika\16March\DS_Algo\DS_Algo\src\main\resources
2023-03-25 02:19:22,278 [Worker-195: Building] INFO  o.e.m.c.i.embedder.EclipseLogger - Using 'UTF-8' encoding to copy filtered resources.
2023-03-25 02:19:22,279 [Worker-195: Building] INFO  o.e.m.c.i.embedder.EclipseLogger - Copying 1 resource
2023-03-25 02:20:17,581 [Worker-196: Building] INFO  o.e.m.c.i.embedder.EclipseLogger - Using 'UTF-8' encoding to copy filtered resources.
2023-03-25 02:20:17,582 [Worker-196: Building] INFO  o.e.m.c.i.embedder.EclipseLogger - skip non existing resourceDirectory C:\Users\nimbo\Desktop\Radhika\16March\DS_Algo\DS_Algo\src\main\resources
2023-03-25 02:20:17,583 [Worker-196: Building] INFO  o.e.m.c.i.embedder.EclipseLogger - Using 'UTF-8' encoding to copy filtered resources.
2023-03-25 02:20:17,584 [Worker-196: Building] INFO  o.e.m.c.i.embedder.EclipseLogger - Copying 1 resource
2023-03-25 02:21:51,564 [Worker-196: Building] INFO  o.e.m.c.i.embedder.EclipseLogger - Using 'UTF-8' encoding to copy filtered resources.
2023-03-25 02:21:51,565 [Worker-196: Building] INFO  o.e.m.c.i.embedder.EclipseLogger - skip non existing resourceDirectory C:\Users\nimbo\Desktop\Radhika\16March\DS_Algo\DS_Algo\src\main\resources
2023-03-25 02:21:51,566 [Worker-196: Building] INFO  o.e.m.c.i.embedder.EclipseLogger - Using 'UTF-8' encoding to copy filtered resources.
2023-03-25 02:21:51,568 [Worker-196: Building] INFO  o.e.m.c.i.embedder.EclipseLogger - Copying 4 resources
2023-03-25 02:30:18,059 [Worker-202: Building] INFO  o.e.m.c.i.embedder.EclipseLogger - Using 'UTF-8' encoding to copy filtered resources.
2023-03-25 02:30:18,060 [Worker-202: Building] INFO  o.e.m.c.i.embedder.EclipseLogger - skip non existing resourceDirectory C:\Users\nimbo\Desktop\Radhika\16March\DS_Algo\DS_Algo\src\main\resources
2023-03-25 02:30:18,061 [Worker-202: Building] INFO  o.e.m.c.i.embedder.EclipseLogger - Using 'UTF-8' encoding to copy filtered resources.
2023-03-25 02:30:18,062 [Worker-202: Building] INFO  o.e.m.c.i.embedder.EclipseLogger - Copying 1 resource
2023-03-25 02:35:43,953 [Worker-201: Building] INFO  o.e.m.c.i.embedder.EclipseLogger - Using 'UTF-8' encoding to copy filtered resources.
2023-03-25 02:35:43,954 [Worker-201: Building] INFO  o.e.m.c.i.embedder.EclipseLogger - skip non existing resourceDirectory C:\Users\nimbo\Desktop\Radhika\16March\DS_Algo\DS_Algo\src\main\resources
2023-03-25 02:35:43,955 [Worker-201: Building] INFO  o.e.m.c.i.embedder.EclipseLogger - Using 'UTF-8' encoding to copy filtered resources.
2023-03-25 02:35:43,957 [Worker-201: Building] INFO  o.e.m.c.i.embedder.EclipseLogger - Copying 4 resources
2023-03-25 02:42:55,427 [Worker-206: Building] INFO  o.e.m.c.i.embedder.EclipseLogger - Using 'UTF-8' encoding to copy filtered resources.
2023-03-25 02:42:55,428 [Worker-206: Building] INFO  o.e.m.c.i.embedder.EclipseLogger - skip non existing resourceDirectory C:\Users\nimbo\Desktop\Radhika\16March\DS_Algo\DS_Algo\src\main\resources
2023-03-25 02:42:55,430 [Worker-206: Building] INFO  o.e.m.c.i.embedder.EclipseLogger - Using 'UTF-8' encoding to copy filtered resources.
2023-03-25 02:42:55,431 [Worker-206: Building] INFO  o.e.m.c.i.embedder.EclipseLogger - Copying 1 resource
2023-03-25 02:45:30,370 [Worker-207: Building] INFO  o.e.m.c.i.embedder.EclipseLogger - Using 'UTF-8' encoding to copy filtered resources.
2023-03-25 02:45:30,371 [Worker-207: Building] INFO  o.e.m.c.i.embedder.EclipseLogger - skip non existing resourceDirectory C:\Users\nimbo\Desktop\Radhika\16March\DS_Algo\DS_Algo\src\main\resources
2023-03-25 02:45:30,373 [Worker-207: Building] INFO  o.e.m.c.i.embedder.EclipseLogger - Using 'UTF-8' encoding to copy filtered resources.
2023-03-25 02:45:30,374 [Worker-207: Building] INFO  o.e.m.c.i.embedder.EclipseLogger - Copying 4 resources
2023-03-25 02:46:18,367 [Worker-208: Building] INFO  o.e.m.c.i.embedder.EclipseLogger - Using 'UTF-8' encoding to copy filtered resources.
2023-03-25 02:46:18,368 [Worker-208: Building] INFO  o.e.m.c.i.embedder.EclipseLogger - skip non existing resourceDirectory C:\Users\nimbo\Desktop\Radhika\16March\DS_Algo\DS_Algo\src\main\resources
2023-03-25 02:46:18,370 [Worker-208: Building] INFO  o.e.m.c.i.embedder.EclipseLogger - Using 'UTF-8' encoding to copy filtered resources.
2023-03-25 02:46:18,370 [Worker-208: Building] INFO  o.e.m.c.i.embedder.EclipseLogger - Copying 0 resource
2023-03-25 04:05:38,538 [Worker-203: Building] INFO  o.e.m.c.i.embedder.EclipseLogger - Using 'UTF-8' encoding to copy filtered resources.
2023-03-25 04:05:38,539 [Worker-203: Building] INFO  o.e.m.c.i.embedder.EclipseLogger - skip non existing resourceDirectory C:\Users\nimbo\Desktop\Radhika\16March\DS_Algo\DS_Algo\src\main\resources
2023-03-25 04:05:38,540 [Worker-203: Building] INFO  o.e.m.c.i.embedder.EclipseLogger - Using 'UTF-8' encoding to copy filtered resources.
2023-03-25 04:05:38,542 [Worker-203: Building] INFO  o.e.m.c.i.embedder.EclipseLogger - Copying 4 resources
2023-03-25 04:06:31,434 [Worker-218: Building] INFO  o.e.m.c.i.embedder.EclipseLogger - Using 'UTF-8' encoding to copy filtered resources.
2023-03-25 04:06:31,435 [Worker-218: Building] INFO  o.e.m.c.i.embedder.EclipseLogger - skip non existing resourceDirectory C:\Users\nimbo\Desktop\Radhika\16March\DS_Algo\DS_Algo\src\main\resources
2023-03-25 04:06:31,436 [Worker-218: Building] INFO  o.e.m.c.i.embedder.EclipseLogger - Using 'UTF-8' encoding to copy filtered resources.
2023-03-25 04:06:31,438 [Worker-218: Building] INFO  o.e.m.c.i.embedder.EclipseLogger - Copying 4 resources
2023-03-25 04:07:33,990 [Worker-218: Building] INFO  o.e.m.c.i.embedder.EclipseLogger - Using 'UTF-8' encoding to copy filtered resources.
2023-03-25 04:07:33,991 [Worker-218: Building] INFO  o.e.m.c.i.embedder.EclipseLogger - skip non existing resourceDirectory C:\Users\nimbo\Desktop\Radhika\16March\DS_Algo\DS_Algo\src\main\resources
2023-03-25 04:07:33,992 [Worker-218: Building] INFO  o.e.m.c.i.embedder.EclipseLogger - Using 'UTF-8' encoding to copy filtered resources.
2023-03-25 04:07:33,993 [Worker-218: Building] INFO  o.e.m.c.i.embedder.EclipseLogger - Copying 1 resource
2023-03-25 04:08:13,693 [Worker-219: Building] INFO  o.e.m.c.i.embedder.EclipseLogger - Using 'UTF-8' encoding to copy filtered resources.
2023-03-25 04:08:13,694 [Worker-219: Building] INFO  o.e.m.c.i.embedder.EclipseLogger - skip non existing resourceDirectory C:\Users\nimbo\Desktop\Radhika\16March\DS_Algo\DS_Algo\src\main\resources
2023-03-25 04:08:13,707 [Worker-219: Building] INFO  o.e.m.c.i.embedder.EclipseLogger - Using 'UTF-8' encoding to copy filtered resources.
2023-03-25 04:08:13,711 [Worker-219: Building] INFO  o.e.m.c.i.embedder.EclipseLogger - Copying 1 resource
2023-03-25 04:08:34,004 [Worker-220: Building] INFO  o.e.m.c.i.embedder.EclipseLogger - Using 'UTF-8' encoding to copy filtered resources.
2023-03-25 04:08:34,004 [Worker-220: Building] INFO  o.e.m.c.i.embedder.EclipseLogger - skip non existing resourceDirectory C:\Users\nimbo\Desktop\Radhika\16March\DS_Algo\DS_Algo\src\main\resources
2023-03-25 04:08:34,006 [Worker-220: Building] INFO  o.e.m.c.i.embedder.EclipseLogger - Using 'UTF-8' encoding to copy filtered resources.
2023-03-25 04:08:34,006 [Worker-220: Building] INFO  o.e.m.c.i.embedder.EclipseLogger - Copying 1 resource
2023-03-25 04:08:42,612 [Worker-220: Building] INFO  o.e.m.c.i.embedder.EclipseLogger - Using 'UTF-8' encoding to copy filtered resources.
2023-03-25 04:08:42,612 [Worker-220: Building] INFO  o.e.m.c.i.embedder.EclipseLogger - skip non existing resourceDirectory C:\Users\nimbo\Desktop\Radhika\16March\DS_Algo\DS_Algo\src\main\resources
2023-03-25 04:08:42,613 [Worker-220: Building] INFO  o.e.m.c.i.embedder.EclipseLogger - Using 'UTF-8' encoding to copy filtered resources.
2023-03-25 04:08:42,614 [Worker-220: Building] INFO  o.e.m.c.i.embedder.EclipseLogger - Copying 1 resource
2023-03-25 23:51:43,392 [Worker-225: Building] INFO  o.e.m.c.i.embedder.EclipseLogger - Using 'UTF-8' encoding to copy filtered resources.
2023-03-25 23:51:43,393 [Worker-225: Building] INFO  o.e.m.c.i.embedder.EclipseLogger - skip non existing resourceDirectory C:\Users\nimbo\Desktop\Radhika\16March\DS_Algo\DS_Algo\src\main\resources
2023-03-25 23:51:43,395 [Worker-225: Building] INFO  o.e.m.c.i.embedder.EclipseLogger - Using 'UTF-8' encoding to copy filtered resources.
2023-03-25 23:51:43,396 [Worker-225: Building] INFO  o.e.m.c.i.embedder.EclipseLogger - Copying 1 resource
2023-03-25 23:52:55,853 [Worker-226: Building] INFO  o.e.m.c.i.embedder.EclipseLogger - Using 'UTF-8' encoding to copy filtered resources.
2023-03-25 23:52:55,854 [Worker-226: Building] INFO  o.e.m.c.i.embedder.EclipseLogger - skip non existing resourceDirectory C:\Users\nimbo\Desktop\Radhika\16March\DS_Algo\DS_Algo\src\main\resources
2023-03-25 23:52:55,855 [Worker-226: Building] INFO  o.e.m.c.i.embedder.EclipseLogger - Using 'UTF-8' encoding to copy filtered resources.
2023-03-25 23:52:55,856 [Worker-226: Building] INFO  o.e.m.c.i.embedder.EclipseLogger - Copying 1 resource
2023-03-25 23:54:39,338 [Worker-227: Building] INFO  o.e.m.c.i.embedder.EclipseLogger - Using 'UTF-8' encoding to copy filtered resources.
2023-03-25 23:54:39,338 [Worker-227: Building] INFO  o.e.m.c.i.embedder.EclipseLogger - skip non existing resourceDirectory C:\Users\nimbo\Desktop\Radhika\16March\DS_Algo\DS_Algo\src\main\resources
2023-03-25 23:54:39,340 [Worker-227: Building] INFO  o.e.m.c.i.embedder.EclipseLogger - Using 'UTF-8' encoding to copy filtered resources.
2023-03-25 23:54:39,340 [Worker-227: Building] INFO  o.e.m.c.i.embedder.EclipseLogger - Copying 1 resource
2023-03-25 23:55:16,596 [Worker-227: Building] INFO  o.e.m.c.i.embedder.EclipseLogger - Using 'UTF-8' encoding to copy filtered resources.
2023-03-25 23:55:16,597 [Worker-227: Building] INFO  o.e.m.c.i.embedder.EclipseLogger - skip non existing resourceDirectory C:\Users\nimbo\Desktop\Radhika\16March\DS_Algo\DS_Algo\src\main\resources
2023-03-25 23:55:16,598 [Worker-227: Building] INFO  o.e.m.c.i.embedder.EclipseLogger - Using 'UTF-8' encoding to copy filtered resources.
2023-03-25 23:55:16,599 [Worker-227: Building] INFO  o.e.m.c.i.embedder.EclipseLogger - Copying 0 resource
2023-03-25 23:55:43,555 [Worker-228: Building] INFO  o.e.m.c.i.embedder.EclipseLogger - Using 'UTF-8' encoding to copy filtered resources.
2023-03-25 23:55:43,555 [Worker-228: Building] INFO  o.e.m.c.i.embedder.EclipseLogger - skip non existing resourceDirectory C:\Users\nimbo\Desktop\Radhika\16March\DS_Algo\DS_Algo\src\main\resources
2023-03-25 23:55:43,556 [Worker-228: Building] INFO  o.e.m.c.i.embedder.EclipseLogger - Using 'UTF-8' encoding to copy filtered resources.
2023-03-25 23:55:43,557 [Worker-228: Building] INFO  o.e.m.c.i.embedder.EclipseLogger - Copying 0 resource
2023-03-25 23:57:16,068 [Worker-227: Building] INFO  o.e.m.c.i.embedder.EclipseLogger - Using 'UTF-8' encoding to copy filtered resources.
2023-03-25 23:57:16,069 [Worker-227: Building] INFO  o.e.m.c.i.embedder.EclipseLogger - skip non existing resourceDirectory C:\Users\nimbo\Desktop\Radhika\16March\DS_Algo\DS_Algo\src\main\resources
2023-03-25 23:57:16,071 [Worker-227: Building] INFO  o.e.m.c.i.embedder.EclipseLogger - Using 'UTF-8' encoding to copy filtered resources.
2023-03-25 23:57:16,071 [Worker-227: Building] INFO  o.e.m.c.i.embedder.EclipseLogger - Copying 1 resource
2023-03-25 23:58:10,237 [Worker-228: Building] INFO  o.e.m.c.i.embedder.EclipseLogger - Using 'UTF-8' encoding to copy filtered resources.
2023-03-25 23:58:10,238 [Worker-228: Building] INFO  o.e.m.c.i.embedder.EclipseLogger - skip non existing resourceDirectory C:\Users\nimbo\Desktop\Radhika\16March\DS_Algo\DS_Algo\src\main\resources
2023-03-25 23:58:10,239 [Worker-228: Building] INFO  o.e.m.c.i.embedder.EclipseLogger - Using 'UTF-8' encoding to copy filtered resources.
2023-03-25 23:58:10,240 [Worker-228: Building] INFO  o.e.m.c.i.embedder.EclipseLogger - Copying 1 resource
2023-03-26 00:31:02,430 [Worker-228: Building] INFO  o.e.m.c.i.embedder.EclipseLogger - Using 'UTF-8' encoding to copy filtered resources.
2023-03-26 00:31:02,431 [Worker-228: Building] INFO  o.e.m.c.i.embedder.EclipseLogger - skip non existing resourceDirectory C:\Users\nimbo\Desktop\Radhika\16March\DS_Algo\DS_Algo\src\main\resources
2023-03-26 00:31:02,434 [Worker-228: Building] INFO  o.e.m.c.i.embedder.EclipseLogger - Using 'UTF-8' encoding to copy filtered resources.
2023-03-26 00:31:02,435 [Worker-228: Building] INFO  o.e.m.c.i.embedder.EclipseLogger - Copying 1 resource
2023-03-26 00:46:06,322 [Worker-231: Building] INFO  o.e.m.c.i.embedder.EclipseLogger - Using 'UTF-8' encoding to copy filtered resources.
2023-03-26 00:46:06,322 [Worker-231: Building] INFO  o.e.m.c.i.embedder.EclipseLogger - skip non existing resourceDirectory C:\Users\nimbo\Desktop\Radhika\16March\DS_Algo\DS_Algo\src\main\resources
2023-03-26 00:46:06,325 [Worker-231: Building] INFO  o.e.m.c.i.embedder.EclipseLogger - Using 'UTF-8' encoding to copy filtered resources.
2023-03-26 00:46:06,325 [Worker-231: Building] INFO  o.e.m.c.i.embedder.EclipseLogger - Copying 1 resource
2023-03-26 01:07:34,707 [Worker-233: Building] INFO  o.e.m.c.i.embedder.EclipseLogger - Using 'UTF-8' encoding to copy filtered resources.
2023-03-26 01:07:34,708 [Worker-233: Building] INFO  o.e.m.c.i.embedder.EclipseLogger - skip non existing resourceDirectory C:\Users\nimbo\Desktop\Radhika\16March\DS_Algo\DS_Algo\src\main\resources
2023-03-26 01:07:34,711 [Worker-233: Building] INFO  o.e.m.c.i.embedder.EclipseLogger - Using 'UTF-8' encoding to copy filtered resources.
2023-03-26 01:07:34,713 [Worker-233: Building] INFO  o.e.m.c.i.embedder.EclipseLogger - Copying 5 resources
2023-03-26 01:14:56,347 [Worker-238: Building] INFO  o.e.m.c.i.embedder.EclipseLogger - Using 'UTF-8' encoding to copy filtered resources.
2023-03-26 01:14:56,348 [Worker-238: Building] INFO  o.e.m.c.i.embedder.EclipseLogger - skip non existing resourceDirectory C:\Users\nimbo\Desktop\Radhika\16March\DS_Algo\DS_Algo\src\main\resources
2023-03-26 01:14:56,352 [Worker-238: Building] INFO  o.e.m.c.i.embedder.EclipseLogger - Using 'UTF-8' encoding to copy filtered resources.
2023-03-26 01:14:56,353 [Worker-238: Building] INFO  o.e.m.c.i.embedder.EclipseLogger - Copying 0 resource
2023-03-26 01:26:42,010 [Worker-233: Building] INFO  o.e.m.c.i.embedder.EclipseLogger - Using 'UTF-8' encoding to copy filtered resources.
2023-03-26 01:26:42,011 [Worker-233: Building] INFO  o.e.m.c.i.embedder.EclipseLogger - skip non existing resourceDirectory C:\Users\nimbo\Desktop\Radhika\16March\DS_Algo\DS_Algo\src\main\resources
2023-03-26 01:26:42,014 [Worker-233: Building] INFO  o.e.m.c.i.embedder.EclipseLogger - Using 'UTF-8' encoding to copy filtered resources.
2023-03-26 01:26:42,016 [Worker-233: Building] INFO  o.e.m.c.i.embedder.EclipseLogger - Copying 5 resources
2023-03-26 01:40:13,263 [Worker-241: Building] INFO  o.e.m.c.i.embedder.EclipseLogger - Using 'UTF-8' encoding to copy filtered resources.
2023-03-26 01:40:13,264 [Worker-241: Building] INFO  o.e.m.c.i.embedder.EclipseLogger - skip non existing resourceDirectory C:\Users\nimbo\Desktop\Radhika\16March\DS_Algo\DS_Algo\src\main\resources
2023-03-26 01:40:13,267 [Worker-241: Building] INFO  o.e.m.c.i.embedder.EclipseLogger - Using 'UTF-8' encoding to copy filtered resources.
2023-03-26 01:40:13,267 [Worker-241: Building] INFO  o.e.m.c.i.embedder.EclipseLogger - Copying 0 resource
2023-03-26 01:44:42,085 [Worker-242: Building] INFO  o.e.m.c.i.embedder.EclipseLogger - Using 'UTF-8' encoding to copy filtered resources.
2023-03-26 01:44:42,085 [Worker-242: Building] INFO  o.e.m.c.i.embedder.EclipseLogger - skip non existing resourceDirectory C:\Users\nimbo\Desktop\Radhika\16March\DS_Algo\DS_Algo\src\main\resources
2023-03-26 01:44:42,089 [Worker-242: Building] INFO  o.e.m.c.i.embedder.EclipseLogger - Using 'UTF-8' encoding to copy filtered resources.
2023-03-26 01:44:42,089 [Worker-242: Building] INFO  o.e.m.c.i.embedder.EclipseLogger - Copying 0 resource
2023-03-26 01:46:56,189 [Worker-241: Building] INFO  o.e.m.c.i.embedder.EclipseLogger - Using 'UTF-8' encoding to copy filtered resources.
2023-03-26 01:46:56,190 [Worker-241: Building] INFO  o.e.m.c.i.embedder.EclipseLogger - skip non existing resourceDirectory C:\Users\nimbo\Desktop\Radhika\16March\DS_Algo\DS_Algo\src\main\resources
2023-03-26 01:46:56,194 [Worker-241: Building] INFO  o.e.m.c.i.embedder.EclipseLogger - Using 'UTF-8' encoding to copy filtered resources.
2023-03-26 01:46:56,197 [Worker-241: Building] INFO  o.e.m.c.i.embedder.EclipseLogger - Copying 5 resources
2023-03-26 01:47:24,580 [Worker-242: Building] INFO  o.e.m.c.i.embedder.EclipseLogger - Using 'UTF-8' encoding to copy filtered resources.
2023-03-26 01:47:24,581 [Worker-242: Building] INFO  o.e.m.c.i.embedder.EclipseLogger - skip non existing resourceDirectory C:\Users\nimbo\Desktop\Radhika\16March\DS_Algo\DS_Algo\src\main\resources
2023-03-26 01:47:24,585 [Worker-242: Building] INFO  o.e.m.c.i.embedder.EclipseLogger - Using 'UTF-8' encoding to copy filtered resources.
2023-03-26 01:47:24,590 [Worker-242: Building] INFO  o.e.m.c.i.embedder.EclipseLogger - Copying 5 resources
2023-03-26 01:49:22,646 [Worker-242: Building] INFO  o.e.m.c.i.embedder.EclipseLogger - Using 'UTF-8' encoding to copy filtered resources.
2023-03-26 01:49:22,646 [Worker-242: Building] INFO  o.e.m.c.i.embedder.EclipseLogger - skip non existing resourceDirectory C:\Users\nimbo\Desktop\Radhika\16March\DS_Algo\DS_Algo\src\main\resources
2023-03-26 01:49:22,648 [Worker-242: Building] INFO  o.e.m.c.i.embedder.EclipseLogger - Using 'UTF-8' encoding to copy filtered resources.
2023-03-26 01:49:22,648 [Worker-242: Building] INFO  o.e.m.c.i.embedder.EclipseLogger - Copying 1 resource
2023-03-26 01:52:07,210 [Worker-241: Building] INFO  o.e.m.c.i.embedder.EclipseLogger - Using 'UTF-8' encoding to copy filtered resources.
2023-03-26 01:52:07,210 [Worker-241: Building] INFO  o.e.m.c.i.embedder.EclipseLogger - skip non existing resourceDirectory C:\Users\nimbo\Desktop\Radhika\16March\DS_Algo\DS_Algo\src\main\resources
2023-03-26 01:52:07,213 [Worker-241: Building] INFO  o.e.m.c.i.embedder.EclipseLogger - Using 'UTF-8' encoding to copy filtered resources.
2023-03-26 01:52:07,213 [Worker-241: Building] INFO  o.e.m.c.i.embedder.EclipseLogger - Copying 0 resource
2023-03-26 01:53:24,631 [Worker-247: Building] INFO  o.e.m.c.i.embedder.EclipseLogger - Using 'UTF-8' encoding to copy filtered resources.
2023-03-26 01:53:24,632 [Worker-247: Building] INFO  o.e.m.c.i.embedder.EclipseLogger - skip non existing resourceDirectory C:\Users\nimbo\Desktop\Radhika\16March\DS_Algo\DS_Algo\src\main\resources
2023-03-26 01:53:24,636 [Worker-247: Building] INFO  o.e.m.c.i.embedder.EclipseLogger - Using 'UTF-8' encoding to copy filtered resources.
2023-03-26 01:53:24,640 [Worker-247: Building] INFO  o.e.m.c.i.embedder.EclipseLogger - Copying 5 resources
2023-03-26 01:54:05,592 [Worker-244: Building] INFO  o.e.m.c.i.embedder.EclipseLogger - Using 'UTF-8' encoding to copy filtered resources.
2023-03-26 01:54:05,592 [Worker-244: Building] INFO  o.e.m.c.i.embedder.EclipseLogger - skip non existing resourceDirectory C:\Users\nimbo\Desktop\Radhika\16March\DS_Algo\DS_Algo\src\main\resources
2023-03-26 01:54:05,595 [Worker-244: Building] INFO  o.e.m.c.i.embedder.EclipseLogger - Using 'UTF-8' encoding to copy filtered resources.
2023-03-26 01:54:05,597 [Worker-244: Building] INFO  o.e.m.c.i.embedder.EclipseLogger - Copying 5 resources
2023-03-26 01:55:39,586 [Worker-248: Building] INFO  o.e.m.c.i.embedder.EclipseLogger - Using 'UTF-8' encoding to copy filtered resources.
2023-03-26 01:55:39,587 [Worker-248: Building] INFO  o.e.m.c.i.embedder.EclipseLogger - skip non existing resourceDirectory C:\Users\nimbo\Desktop\Radhika\16March\DS_Algo\DS_Algo\src\main\resources
2023-03-26 01:55:39,591 [Worker-248: Building] INFO  o.e.m.c.i.embedder.EclipseLogger - Using 'UTF-8' encoding to copy filtered resources.
2023-03-26 01:55:39,595 [Worker-248: Building] INFO  o.e.m.c.i.embedder.EclipseLogger - Copying 5 resources
2023-03-27 14:14:56,445 [Worker-255: Building] INFO  o.e.m.c.i.embedder.EclipseLogger - Using 'UTF-8' encoding to copy filtered resources.
2023-03-27 14:14:56,449 [Worker-255: Building] INFO  o.e.m.c.i.embedder.EclipseLogger - skip non existing resourceDirectory C:\Users\nimbo\Desktop\Radhika\16March\DS_Algo\DS_Algo\src\main\resources
2023-03-27 14:14:56,456 [Worker-255: Building] INFO  o.e.m.c.i.embedder.EclipseLogger - Using 'UTF-8' encoding to copy filtered resources.
2023-03-27 14:14:56,457 [Worker-255: Building] INFO  o.e.m.c.i.embedder.EclipseLogger - Copying 1 resource
2023-03-27 14:32:02,049 [Worker-257: Building] INFO  o.e.m.c.i.embedder.EclipseLogger - Using 'UTF-8' encoding to copy filtered resources.
2023-03-27 14:32:02,050 [Worker-257: Building] INFO  o.e.m.c.i.embedder.EclipseLogger - skip non existing resourceDirectory C:\Users\nimbo\Desktop\Radhika\16March\DS_Algo\DS_Algo\src\main\resources
2023-03-27 14:32:02,055 [Worker-257: Building] INFO  o.e.m.c.i.embedder.EclipseLogger - Using 'UTF-8' encoding to copy filtered resources.
2023-03-27 14:32:02,060 [Worker-257: Building] INFO  o.e.m.c.i.embedder.EclipseLogger - Copying 5 resources
2023-03-27 14:43:21,190 [Worker-242: Building] INFO  o.e.m.c.i.embedder.EclipseLogger - Using 'UTF-8' encoding to copy filtered resources.
2023-03-27 14:43:21,191 [Worker-242: Building] INFO  o.e.m.c.i.embedder.EclipseLogger - skip non existing resourceDirectory C:\Users\nimbo\Desktop\Radhika\16March\DS_Algo\DS_Algo\src\main\resources
2023-03-27 14:43:21,209 [Worker-242: Building] INFO  o.e.m.c.i.embedder.EclipseLogger - Using 'UTF-8' encoding to copy filtered resources.
2023-03-27 14:43:21,215 [Worker-242: Building] INFO  o.e.m.c.i.embedder.EclipseLogger - Copying 1 resource
2023-03-27 15:25:14,833 [Worker-263: Building] INFO  o.e.m.c.i.embedder.EclipseLogger - Using 'UTF-8' encoding to copy filtered resources.
2023-03-27 15:25:14,836 [Worker-263: Building] INFO  o.e.m.c.i.embedder.EclipseLogger - skip non existing resourceDirectory C:\Users\nimbo\Desktop\Radhika\16March\DS_Algo\DS_Algo\src\main\resources
2023-03-27 15:25:14,839 [Worker-263: Building] INFO  o.e.m.c.i.embedder.EclipseLogger - Using 'UTF-8' encoding to copy filtered resources.
2023-03-27 15:25:14,840 [Worker-263: Building] INFO  o.e.m.c.i.embedder.EclipseLogger - Copying 1 resource
2023-03-27 15:49:12,487 [Worker-268: Building] INFO  o.e.m.c.i.embedder.EclipseLogger - Using 'UTF-8' encoding to copy filtered resources.
2023-03-27 15:49:12,489 [Worker-268: Building] INFO  o.e.m.c.i.embedder.EclipseLogger - skip non existing resourceDirectory C:\Users\nimbo\Desktop\Radhika\16March\DS_Algo\DS_Algo\src\main\resources
2023-03-27 15:49:12,497 [Worker-268: Building] INFO  o.e.m.c.i.embedder.EclipseLogger - Using 'UTF-8' encoding to copy filtered resources.
2023-03-27 15:49:12,508 [Worker-268: Building] INFO  o.e.m.c.i.embedder.EclipseLogger - Copying 6 resources
2023-03-27 15:56:38,977 [Worker-273: Building] INFO  o.e.m.c.i.embedder.EclipseLogger - Using 'UTF-8' encoding to copy filtered resources.
2023-03-27 15:56:38,979 [Worker-273: Building] INFO  o.e.m.c.i.embedder.EclipseLogger - skip non existing resourceDirectory C:\Users\nimbo\Desktop\Radhika\16March\DS_Algo\DS_Algo\src\main\resources
2023-03-27 15:56:38,985 [Worker-273: Building] INFO  o.e.m.c.i.embedder.EclipseLogger - Using 'UTF-8' encoding to copy filtered resources.
2023-03-27 15:56:38,985 [Worker-273: Building] INFO  o.e.m.c.i.embedder.EclipseLogger - Copying 0 resource
2023-03-27 16:04:23,833 [Worker-273: Building] INFO  o.e.m.c.i.embedder.EclipseLogger - Using 'UTF-8' encoding to copy filtered resources.
2023-03-27 16:04:23,834 [Worker-273: Building] INFO  o.e.m.c.i.embedder.EclipseLogger - skip non existing resourceDirectory C:\Users\nimbo\Desktop\Radhika\16March\DS_Algo\DS_Algo\src\main\resources
2023-03-27 16:04:23,840 [Worker-273: Building] INFO  o.e.m.c.i.embedder.EclipseLogger - Using 'UTF-8' encoding to copy filtered resources.
2023-03-27 16:04:23,848 [Worker-273: Building] INFO  o.e.m.c.i.embedder.EclipseLogger - Copying 6 resources
2023-03-27 16:20:35,965 [Worker-277: Building] INFO  o.e.m.c.i.embedder.EclipseLogger - Using 'UTF-8' encoding to copy filtered resources.
2023-03-27 16:20:35,966 [Worker-277: Building] INFO  o.e.m.c.i.embedder.EclipseLogger - skip non existing resourceDirectory C:\Users\nimbo\Desktop\Radhika\16March\DS_Algo\DS_Algo\src\main\resources
2023-03-27 16:20:35,974 [Worker-277: Building] INFO  o.e.m.c.i.embedder.EclipseLogger - Using 'UTF-8' encoding to copy filtered resources.
2023-03-27 16:20:35,980 [Worker-277: Building] INFO  o.e.m.c.i.embedder.EclipseLogger - Copying 6 resources
2023-03-27 16:20:50,400 [Worker-277: Building] INFO  o.e.m.c.i.embedder.EclipseLogger - Using 'UTF-8' encoding to copy filtered resources.
2023-03-27 16:20:50,401 [Worker-277: Building] INFO  o.e.m.c.i.embedder.EclipseLogger - skip non existing resourceDirectory C:\Users\nimbo\Desktop\Radhika\16March\DS_Algo\DS_Algo\src\main\resources
2023-03-27 16:20:50,405 [Worker-277: Building] INFO  o.e.m.c.i.embedder.EclipseLogger - Using 'UTF-8' encoding to copy filtered resources.
2023-03-27 16:20:50,410 [Worker-277: Building] INFO  o.e.m.c.i.embedder.EclipseLogger - Copying 6 resources
2023-03-27 16:21:11,023 [Worker-277: Building] INFO  o.e.m.c.i.embedder.EclipseLogger - Using 'UTF-8' encoding to copy filtered resources.
2023-03-27 16:21:11,024 [Worker-277: Building] INFO  o.e.m.c.i.embedder.EclipseLogger - skip non existing resourceDirectory C:\Users\nimbo\Desktop\Radhika\16March\DS_Algo\DS_Algo\src\main\resources
2023-03-27 16:21:11,030 [Worker-277: Building] INFO  o.e.m.c.i.embedder.EclipseLogger - Using 'UTF-8' encoding to copy filtered resources.
2023-03-27 16:21:11,037 [Worker-277: Building] INFO  o.e.m.c.i.embedder.EclipseLogger - Copying 6 resources
2023-03-27 16:24:31,422 [Worker-279: Building] INFO  o.e.m.c.i.embedder.EclipseLogger - Using 'UTF-8' encoding to copy filtered resources.
2023-03-27 16:24:31,423 [Worker-279: Building] INFO  o.e.m.c.i.embedder.EclipseLogger - skip non existing resourceDirectory C:\Users\nimbo\Desktop\Radhika\16March\DS_Algo\DS_Algo\src\main\resources
2023-03-27 16:24:31,432 [Worker-279: Building] INFO  o.e.m.c.i.embedder.EclipseLogger - Using 'UTF-8' encoding to copy filtered resources.
2023-03-27 16:24:31,436 [Worker-279: Building] INFO  o.e.m.c.i.embedder.EclipseLogger - Copying 1 resource
2023-03-27 16:24:48,006 [Worker-274: Building] INFO  o.e.m.c.i.embedder.EclipseLogger - Using 'UTF-8' encoding to copy filtered resources.
2023-03-27 16:24:48,010 [Worker-274: Building] INFO  o.e.m.c.i.embedder.EclipseLogger - skip non existing resourceDirectory C:\Users\nimbo\Desktop\Radhika\16March\DS_Algo\DS_Algo\src\main\resources
2023-03-27 16:24:48,014 [Worker-274: Building] INFO  o.e.m.c.i.embedder.EclipseLogger - Using 'UTF-8' encoding to copy filtered resources.
2023-03-27 16:24:48,017 [Worker-274: Building] INFO  o.e.m.c.i.embedder.EclipseLogger - Copying 1 resource
2023-03-27 16:26:11,929 [Worker-274: Building] INFO  o.e.m.c.i.embedder.EclipseLogger - Using 'UTF-8' encoding to copy filtered resources.
2023-03-27 16:26:11,930 [Worker-274: Building] INFO  o.e.m.c.i.embedder.EclipseLogger - skip non existing resourceDirectory C:\Users\nimbo\Desktop\Radhika\16March\DS_Algo\DS_Algo\src\main\resources
2023-03-27 16:26:11,934 [Worker-274: Building] INFO  o.e.m.c.i.embedder.EclipseLogger - Using 'UTF-8' encoding to copy filtered resources.
2023-03-27 16:26:11,939 [Worker-274: Building] INFO  o.e.m.c.i.embedder.EclipseLogger - Copying 6 resources
2023-03-27 16:28:10,992 [Worker-279: Building] INFO  o.e.m.c.i.embedder.EclipseLogger - Using 'UTF-8' encoding to copy filtered resources.
2023-03-27 16:28:10,992 [Worker-279: Building] INFO  o.e.m.c.i.embedder.EclipseLogger - skip non existing resourceDirectory C:\Users\nimbo\Desktop\Radhika\16March\DS_Algo\DS_Algo\src\main\resources
2023-03-27 16:28:10,997 [Worker-279: Building] INFO  o.e.m.c.i.embedder.EclipseLogger - Using 'UTF-8' encoding to copy filtered resources.
2023-03-27 16:28:11,001 [Worker-279: Building] INFO  o.e.m.c.i.embedder.EclipseLogger - Copying 6 resources
2023-03-27 16:29:22,757 [Worker-276: Building] INFO  o.e.m.c.i.embedder.EclipseLogger - Using 'UTF-8' encoding to copy filtered resources.
2023-03-27 16:29:22,758 [Worker-276: Building] INFO  o.e.m.c.i.embedder.EclipseLogger - skip non existing resourceDirectory C:\Users\nimbo\Desktop\Radhika\16March\DS_Algo\DS_Algo\src\main\resources
2023-03-27 16:29:22,761 [Worker-276: Building] INFO  o.e.m.c.i.embedder.EclipseLogger - Using 'UTF-8' encoding to copy filtered resources.
2023-03-27 16:29:22,770 [Worker-276: Building] INFO  o.e.m.c.i.embedder.EclipseLogger - Copying 6 resources
2023-03-27 17:04:33,441 [Worker-286: Building] INFO  o.e.m.c.i.embedder.EclipseLogger - Using 'UTF-8' encoding to copy filtered resources.
2023-03-27 17:04:33,443 [Worker-286: Building] INFO  o.e.m.c.i.embedder.EclipseLogger - skip non existing resourceDirectory C:\Users\nimbo\Desktop\Radhika\16March\DS_Algo\DS_Algo\src\main\resources
2023-03-27 17:04:33,447 [Worker-286: Building] INFO  o.e.m.c.i.embedder.EclipseLogger - Using 'UTF-8' encoding to copy filtered resources.
2023-03-27 17:04:33,448 [Worker-286: Building] INFO  o.e.m.c.i.embedder.EclipseLogger - Copying 1 resource
2023-03-27 17:05:29,400 [Worker-285: Building] INFO  o.e.m.c.i.embedder.EclipseLogger - Using 'UTF-8' encoding to copy filtered resources.
2023-03-27 17:05:29,401 [Worker-285: Building] INFO  o.e.m.c.i.embedder.EclipseLogger - skip non existing resourceDirectory C:\Users\nimbo\Desktop\Radhika\16March\DS_Algo\DS_Algo\src\main\resources
2023-03-27 17:05:29,405 [Worker-285: Building] INFO  o.e.m.c.i.embedder.EclipseLogger - Using 'UTF-8' encoding to copy filtered resources.
2023-03-27 17:05:29,406 [Worker-285: Building] INFO  o.e.m.c.i.embedder.EclipseLogger - Copying 1 resource
2023-03-27 17:10:02,210 [Worker-287: Building] INFO  o.e.m.c.i.embedder.EclipseLogger - Using 'UTF-8' encoding to copy filtered resources.
2023-03-27 17:10:02,212 [Worker-287: Building] INFO  o.e.m.c.i.embedder.EclipseLogger - skip non existing resourceDirectory C:\Users\nimbo\Desktop\Radhika\16March\DS_Algo\DS_Algo\src\main\resources
2023-03-27 17:10:02,220 [Worker-287: Building] INFO  o.e.m.c.i.embedder.EclipseLogger - Using 'UTF-8' encoding to copy filtered resources.
2023-03-27 17:10:02,228 [Worker-287: Building] INFO  o.e.m.c.i.embedder.EclipseLogger - Copying 6 resources
2023-03-27 17:10:10,427 [Worker-285: Building] INFO  o.e.m.c.i.embedder.EclipseLogger - Using 'UTF-8' encoding to copy filtered resources.
2023-03-27 17:10:10,430 [Worker-285: Building] INFO  o.e.m.c.i.embedder.EclipseLogger - skip non existing resourceDirectory C:\Users\nimbo\Desktop\Radhika\16March\DS_Algo\DS_Algo\src\main\resources
2023-03-27 17:10:10,435 [Worker-285: Building] INFO  o.e.m.c.i.embedder.EclipseLogger - Using 'UTF-8' encoding to copy filtered resources.
2023-03-27 17:10:10,444 [Worker-285: Building] INFO  o.e.m.c.i.embedder.EclipseLogger - Copying 6 resources
2023-03-27 17:16:03,097 [Worker-284: Building] INFO  o.e.m.c.i.embedder.EclipseLogger - Using 'UTF-8' encoding to copy filtered resources.
2023-03-27 17:16:03,097 [Worker-284: Building] INFO  o.e.m.c.i.embedder.EclipseLogger - skip non existing resourceDirectory C:\Users\nimbo\Desktop\Radhika\16March\DS_Algo\DS_Algo\src\main\resources
2023-03-27 17:16:03,100 [Worker-284: Building] INFO  o.e.m.c.i.embedder.EclipseLogger - Using 'UTF-8' encoding to copy filtered resources.
2023-03-27 17:16:03,101 [Worker-284: Building] INFO  o.e.m.c.i.embedder.EclipseLogger - Copying 1 resource
2023-03-27 17:16:37,885 [Worker-287: Building] INFO  o.e.m.c.i.embedder.EclipseLogger - Using 'UTF-8' encoding to copy filtered resources.
2023-03-27 17:16:37,885 [Worker-287: Building] INFO  o.e.m.c.i.embedder.EclipseLogger - skip non existing resourceDirectory C:\Users\nimbo\Desktop\Radhika\16March\DS_Algo\DS_Algo\src\main\resources
2023-03-27 17:16:37,887 [Worker-287: Building] INFO  o.e.m.c.i.embedder.EclipseLogger - Using 'UTF-8' encoding to copy filtered resources.
2023-03-27 17:16:37,887 [Worker-287: Building] INFO  o.e.m.c.i.embedder.EclipseLogger - Copying 1 resource
2023-03-27 17:18:37,609 [Worker-289: Building] INFO  o.e.m.c.i.embedder.EclipseLogger - Using 'UTF-8' encoding to copy filtered resources.
2023-03-27 17:18:37,610 [Worker-289: Building] INFO  o.e.m.c.i.embedder.EclipseLogger - skip non existing resourceDirectory C:\Users\nimbo\Desktop\Radhika\16March\DS_Algo\DS_Algo\src\main\resources
2023-03-27 17:18:37,617 [Worker-289: Building] INFO  o.e.m.c.i.embedder.EclipseLogger - Using 'UTF-8' encoding to copy filtered resources.
2023-03-27 17:18:37,618 [Worker-289: Building] INFO  o.e.m.c.i.embedder.EclipseLogger - Copying 0 resource
2023-03-27 17:18:53,454 [Worker-290: Building] INFO  o.e.m.c.i.embedder.EclipseLogger - Using 'UTF-8' encoding to copy filtered resources.
2023-03-27 17:18:53,454 [Worker-290: Building] INFO  o.e.m.c.i.embedder.EclipseLogger - skip non existing resourceDirectory C:\Users\nimbo\Desktop\Radhika\16March\DS_Algo\DS_Algo\src\main\resources
2023-03-27 17:18:53,457 [Worker-290: Building] INFO  o.e.m.c.i.embedder.EclipseLogger - Using 'UTF-8' encoding to copy filtered resources.
2023-03-27 17:18:53,457 [Worker-290: Building] INFO  o.e.m.c.i.embedder.EclipseLogger - Copying 1 resource
2023-03-27 17:21:28,512 [Worker-289: Building] INFO  o.e.m.c.i.embedder.EclipseLogger - Using 'UTF-8' encoding to copy filtered resources.
2023-03-27 17:21:28,512 [Worker-289: Building] INFO  o.e.m.c.i.embedder.EclipseLogger - skip non existing resourceDirectory C:\Users\nimbo\Desktop\Radhika\16March\DS_Algo\DS_Algo\src\main\resources
2023-03-27 17:21:28,515 [Worker-289: Building] INFO  o.e.m.c.i.embedder.EclipseLogger - Using 'UTF-8' encoding to copy filtered resources.
2023-03-27 17:21:28,516 [Worker-289: Building] INFO  o.e.m.c.i.embedder.EclipseLogger - Copying 1 resource
2023-03-27 17:23:12,181 [Worker-284: Building] INFO  o.e.m.c.i.embedder.EclipseLogger - Using 'UTF-8' encoding to copy filtered resources.
2023-03-27 17:23:12,182 [Worker-284: Building] INFO  o.e.m.c.i.embedder.EclipseLogger - skip non existing resourceDirectory C:\Users\nimbo\Desktop\Radhika\16March\DS_Algo\DS_Algo\src\main\resources
2023-03-27 17:23:12,185 [Worker-284: Building] INFO  o.e.m.c.i.embedder.EclipseLogger - Using 'UTF-8' encoding to copy filtered resources.
2023-03-27 17:23:12,189 [Worker-284: Building] INFO  o.e.m.c.i.embedder.EclipseLogger - Copying 6 resources
2023-03-27 17:57:49,714 [Worker-298: Building] INFO  o.e.m.c.i.embedder.EclipseLogger - Using 'UTF-8' encoding to copy filtered resources.
2023-03-27 17:57:49,715 [Worker-298: Building] INFO  o.e.m.c.i.embedder.EclipseLogger - skip non existing resourceDirectory C:\Users\nimbo\Desktop\Radhika\16March\DS_Algo\DS_Algo\src\main\resources
2023-03-27 17:57:49,719 [Worker-298: Building] INFO  o.e.m.c.i.embedder.EclipseLogger - Using 'UTF-8' encoding to copy filtered resources.
2023-03-27 17:57:49,723 [Worker-298: Building] INFO  o.e.m.c.i.embedder.EclipseLogger - Copying 6 resources
2023-03-27 17:59:43,217 [Worker-300: Building] INFO  o.e.m.c.i.embedder.EclipseLogger - Using 'UTF-8' encoding to copy filtered resources.
2023-03-27 17:59:43,218 [Worker-300: Building] INFO  o.e.m.c.i.embedder.EclipseLogger - skip non existing resourceDirectory C:\Users\nimbo\Desktop\Radhika\16March\DS_Algo\DS_Algo\src\main\resources
2023-03-27 17:59:43,222 [Worker-300: Building] INFO  o.e.m.c.i.embedder.EclipseLogger - Using 'UTF-8' encoding to copy filtered resources.
2023-03-27 17:59:43,226 [Worker-300: Building] INFO  o.e.m.c.i.embedder.EclipseLogger - Copying 6 resources
2023-03-27 18:12:19,708 [Worker-301: Building] INFO  o.e.m.c.i.embedder.EclipseLogger - Using 'UTF-8' encoding to copy filtered resources.
2023-03-27 18:12:19,709 [Worker-301: Building] INFO  o.e.m.c.i.embedder.EclipseLogger - skip non existing resourceDirectory C:\Users\nimbo\Desktop\Radhika\16March\DS_Algo\DS_Algo\src\main\resources
2023-03-27 18:12:19,714 [Worker-301: Building] INFO  o.e.m.c.i.embedder.EclipseLogger - Using 'UTF-8' encoding to copy filtered resources.
2023-03-27 18:12:19,719 [Worker-301: Building] INFO  o.e.m.c.i.embedder.EclipseLogger - Copying 6 resources
2023-03-27 18:13:02,283 [Worker-301: Building] INFO  o.e.m.c.i.embedder.EclipseLogger - Using 'UTF-8' encoding to copy filtered resources.
2023-03-27 18:13:02,284 [Worker-301: Building] INFO  o.e.m.c.i.embedder.EclipseLogger - skip non existing resourceDirectory C:\Users\nimbo\Desktop\Radhika\16March\DS_Algo\DS_Algo\src\main\resources
2023-03-27 18:13:02,287 [Worker-301: Building] INFO  o.e.m.c.i.embedder.EclipseLogger - Using 'UTF-8' encoding to copy filtered resources.
2023-03-27 18:13:02,293 [Worker-301: Building] INFO  o.e.m.c.i.embedder.EclipseLogger - Copying 6 resources
2023-03-27 18:17:17,634 [Worker-307: Building] INFO  o.e.m.c.i.embedder.EclipseLogger - Using 'UTF-8' encoding to copy filtered resources.
2023-03-27 18:17:17,634 [Worker-307: Building] INFO  o.e.m.c.i.embedder.EclipseLogger - skip non existing resourceDirectory C:\Users\nimbo\Desktop\Radhika\16March\DS_Algo\DS_Algo\src\main\resources
2023-03-27 18:17:17,638 [Worker-307: Building] INFO  o.e.m.c.i.embedder.EclipseLogger - Using 'UTF-8' encoding to copy filtered resources.
2023-03-27 18:17:17,639 [Worker-307: Building] INFO  o.e.m.c.i.embedder.EclipseLogger - Copying 1 resource
2023-03-27 18:40:59,778 [Worker-4: Loading available Gradle versions] INFO  o.e.b.c.i.u.g.PublishedGradleVersions - Gradle version information cache is out-of-date. Trying to update.
2023-03-27 18:52:07,017 [Worker-27: Launching TestRunner] INFO  o.e.m.c.i.embedder.EclipseLogger - Using 'UTF-8' encoding to copy filtered resources.
2023-03-27 18:52:07,023 [Worker-27: Launching TestRunner] INFO  o.e.m.c.i.embedder.EclipseLogger - skip non existing resourceDirectory C:\Users\nimbo\Desktop\Radhika\16March\DS_Algo\DS_Algo\src\main\resources
2023-03-27 18:52:07,040 [Worker-27: Launching TestRunner] INFO  o.e.m.c.i.embedder.EclipseLogger - Using 'UTF-8' encoding to copy filtered resources.
2023-03-27 18:52:07,055 [Worker-27: Launching TestRunner] INFO  o.e.m.c.i.embedder.EclipseLogger - Copying 6 resources
2023-03-28 10:10:31,535 [Worker-43: Launching TestRunner] INFO  o.e.m.c.i.embedder.EclipseLogger - Using 'UTF-8' encoding to copy filtered resources.
2023-03-28 10:10:31,542 [Worker-43: Launching TestRunner] INFO  o.e.m.c.i.embedder.EclipseLogger - skip non existing resourceDirectory C:\Users\nimbo\Desktop\Radhika\16March\DS_Algo\DS_Algo\src\main\resources
2023-03-28 10:10:31,555 [Worker-43: Launching TestRunner] INFO  o.e.m.c.i.embedder.EclipseLogger - Using 'UTF-8' encoding to copy filtered resources.
2023-03-28 10:10:31,594 [Worker-43: Launching TestRunner] INFO  o.e.m.c.i.embedder.EclipseLogger - Copying 6 resources
2023-03-29 15:18:11,238 [Worker-4: Loading available Gradle versions] INFO  o.e.b.c.i.u.g.PublishedGradleVersions - Gradle version information cache is out-of-date. Trying to update.
2023-03-29 23:19:59,838 [Worker-3: Loading available Gradle versions] INFO  o.e.b.c.i.u.g.PublishedGradleVersions - Gradle version information cache is up-to-date. Trying to read.
2023-03-29 23:24:11,808 [Worker-18: Building] INFO  o.e.m.c.i.embedder.EclipseLogger - Using 'UTF-8' encoding to copy filtered resources.
2023-03-29 23:24:11,815 [Worker-18: Building] INFO  o.e.m.c.i.embedder.EclipseLogger - skip non existing resourceDirectory C:\Users\nimbo\Desktop\Radhika\16March\DS_Algo\DS_Algo\src\main\resources
2023-03-29 23:24:11,829 [Worker-18: Building] INFO  o.e.m.c.i.embedder.EclipseLogger - Using 'UTF-8' encoding to copy filtered resources.
2023-03-29 23:24:11,842 [Worker-18: Building] INFO  o.e.m.c.i.embedder.EclipseLogger - Copying 6 resources
2023-03-29 23:24:23,607 [Worker-4: Building] INFO  o.e.m.c.i.embedder.EclipseLogger - Using 'UTF-8' encoding to copy filtered resources.
2023-03-29 23:24:23,609 [Worker-4: Building] INFO  o.e.m.c.i.embedder.EclipseLogger - skip non existing resourceDirectory C:\Users\nimbo\Desktop\Radhika\16March\DS_Algo\DS_Algo\src\main\resources
2023-03-29 23:24:23,629 [Worker-4: Building] INFO  o.e.m.c.i.embedder.EclipseLogger - Using 'UTF-8' encoding to copy filtered resources.
2023-03-29 23:24:23,659 [Worker-4: Building] INFO  o.e.m.c.i.embedder.EclipseLogger - Copying 6 resources
2023-03-29 23:37:20,296 [Worker-22: Building] INFO  o.e.m.c.i.embedder.EclipseLogger - Using 'UTF-8' encoding to copy filtered resources.
2023-03-29 23:37:20,298 [Worker-22: Building] INFO  o.e.m.c.i.embedder.EclipseLogger - skip non existing resourceDirectory C:\Users\nimbo\Desktop\Radhika\16March\DS_Algo\DS_Algo\src\main\resources
2023-03-29 23:37:20,302 [Worker-22: Building] INFO  o.e.m.c.i.embedder.EclipseLogger - Using 'UTF-8' encoding to copy filtered resources.
2023-03-29 23:37:20,306 [Worker-22: Building] INFO  o.e.m.c.i.embedder.EclipseLogger - Copying 1 resource
2023-03-30 00:22:40,283 [Worker-28: Building] INFO  o.e.m.c.i.embedder.EclipseLogger - Using 'UTF-8' encoding to copy filtered resources.
2023-03-30 00:22:40,284 [Worker-28: Building] INFO  o.e.m.c.i.embedder.EclipseLogger - skip non existing resourceDirectory C:\Users\nimbo\Desktop\Radhika\16March\DS_Algo\DS_Algo\src\main\resources
2023-03-30 00:22:40,293 [Worker-28: Building] INFO  o.e.m.c.i.embedder.EclipseLogger - Using 'UTF-8' encoding to copy filtered resources.
2023-03-30 00:22:40,296 [Worker-28: Building] INFO  o.e.m.c.i.embedder.EclipseLogger - Copying 1 resource
2023-03-30 00:25:45,176 [Worker-31: Building] INFO  o.e.m.c.i.embedder.EclipseLogger - Using 'UTF-8' encoding to copy filtered resources.
2023-03-30 00:25:45,178 [Worker-31: Building] INFO  o.e.m.c.i.embedder.EclipseLogger - skip non existing resourceDirectory C:\Users\nimbo\Desktop\Radhika\16March\DS_Algo\DS_Algo\src\main\resources
2023-03-30 00:25:45,191 [Worker-31: Building] INFO  o.e.m.c.i.embedder.EclipseLogger - Using 'UTF-8' encoding to copy filtered resources.
2023-03-30 00:25:45,193 [Worker-31: Building] INFO  o.e.m.c.i.embedder.EclipseLogger - Copying 0 resource
2023-03-30 00:43:01,529 [Worker-28: Building] INFO  o.e.m.c.i.embedder.EclipseLogger - Using 'UTF-8' encoding to copy filtered resources.
2023-03-30 00:43:01,530 [Worker-28: Building] INFO  o.e.m.c.i.embedder.EclipseLogger - skip non existing resourceDirectory C:\Users\nimbo\Desktop\Radhika\16March\DS_Algo\DS_Algo\src\main\resources
2023-03-30 00:43:01,534 [Worker-28: Building] INFO  o.e.m.c.i.embedder.EclipseLogger - Using 'UTF-8' encoding to copy filtered resources.
2023-03-30 00:43:01,535 [Worker-28: Building] INFO  o.e.m.c.i.embedder.EclipseLogger - Copying 0 resource
2023-03-30 00:44:58,310 [Worker-28: Launching DS01_Registration.feature] INFO  o.e.m.c.i.embedder.EclipseLogger - Using 'UTF-8' encoding to copy filtered resources.
2023-03-30 00:44:58,311 [Worker-28: Launching DS01_Registration.feature] INFO  o.e.m.c.i.embedder.EclipseLogger - skip non existing resourceDirectory C:\Users\nimbo\Desktop\Radhika\16March\DS_Algo\DS_Algo\src\main\resources
2023-03-30 00:44:58,321 [Worker-28: Launching DS01_Registration.feature] INFO  o.e.m.c.i.embedder.EclipseLogger - Using 'UTF-8' encoding to copy filtered resources.
2023-03-30 00:44:58,323 [Worker-28: Launching DS01_Registration.feature] INFO  o.e.m.c.i.embedder.EclipseLogger - Copying 1 resource
2023-03-30 00:46:38,661 [Worker-41: Building] INFO  o.e.m.c.i.embedder.EclipseLogger - Using 'UTF-8' encoding to copy filtered resources.
2023-03-30 00:46:38,663 [Worker-41: Building] INFO  o.e.m.c.i.embedder.EclipseLogger - skip non existing resourceDirectory C:\Users\nimbo\Desktop\Radhika\16March\DS_Algo\DS_Algo\src\main\resources
2023-03-30 00:46:38,668 [Worker-41: Building] INFO  o.e.m.c.i.embedder.EclipseLogger - Using 'UTF-8' encoding to copy filtered resources.
2023-03-30 00:46:38,669 [Worker-41: Building] INFO  o.e.m.c.i.embedder.EclipseLogger - Copying 1 resource
2023-03-30 00:48:40,342 [Worker-32: Building] INFO  o.e.m.c.i.embedder.EclipseLogger - Using 'UTF-8' encoding to copy filtered resources.
2023-03-30 00:48:40,343 [Worker-32: Building] INFO  o.e.m.c.i.embedder.EclipseLogger - skip non existing resourceDirectory C:\Users\nimbo\Desktop\Radhika\16March\DS_Algo\DS_Algo\src\main\resources
2023-03-30 00:48:40,352 [Worker-32: Building] INFO  o.e.m.c.i.embedder.EclipseLogger - Using 'UTF-8' encoding to copy filtered resources.
2023-03-30 00:48:40,360 [Worker-32: Building] INFO  o.e.m.c.i.embedder.EclipseLogger - Copying 7 resources
2023-03-30 00:55:56,476 [Worker-42: Building] INFO  o.e.m.c.i.embedder.EclipseLogger - Using 'UTF-8' encoding to copy filtered resources.
2023-03-30 00:55:56,476 [Worker-42: Building] INFO  o.e.m.c.i.embedder.EclipseLogger - skip non existing resourceDirectory C:\Users\nimbo\Desktop\Radhika\16March\DS_Algo\DS_Algo\src\main\resources
2023-03-30 00:55:56,483 [Worker-42: Building] INFO  o.e.m.c.i.embedder.EclipseLogger - Using 'UTF-8' encoding to copy filtered resources.
2023-03-30 00:55:56,491 [Worker-42: Building] INFO  o.e.m.c.i.embedder.EclipseLogger - Copying 7 resources
2023-03-30 00:56:51,829 [Worker-44: Building] INFO  o.e.m.c.i.embedder.EclipseLogger - Using 'UTF-8' encoding to copy filtered resources.
2023-03-30 00:56:51,830 [Worker-44: Building] INFO  o.e.m.c.i.embedder.EclipseLogger - skip non existing resourceDirectory C:\Users\nimbo\Desktop\Radhika\16March\DS_Algo\DS_Algo\src\main\resources
2023-03-30 00:56:51,836 [Worker-44: Building] INFO  o.e.m.c.i.embedder.EclipseLogger - Using 'UTF-8' encoding to copy filtered resources.
2023-03-30 00:56:51,839 [Worker-44: Building] INFO  o.e.m.c.i.embedder.EclipseLogger - Copying 7 resources
2023-03-30 01:06:20,914 [Worker-3: Loading available Gradle versions] INFO  o.e.b.c.i.u.g.PublishedGradleVersions - Gradle version information cache is up-to-date. Trying to read.
2023-03-30 01:09:30,180 [Worker-10: Building] INFO  o.e.m.c.i.embedder.EclipseLogger - Using 'UTF-8' encoding to copy filtered resources.
2023-03-30 01:09:30,181 [Worker-10: Building] INFO  o.e.m.c.i.embedder.EclipseLogger - skip non existing resourceDirectory C:\Users\nimbo\Desktop\Radhika\16March\DS_Algo\DS_Algo\src\main\resources
2023-03-30 01:09:30,197 [Worker-10: Building] INFO  o.e.m.c.i.embedder.EclipseLogger - Using 'UTF-8' encoding to copy filtered resources.
2023-03-30 01:09:30,213 [Worker-10: Building] INFO  o.e.m.c.i.embedder.EclipseLogger - Copying 7 resources
2023-03-30 01:27:25,954 [Worker-22: Building] INFO  o.e.m.c.i.embedder.EclipseLogger - Using 'UTF-8' encoding to copy filtered resources.
2023-03-30 01:27:25,959 [Worker-22: Building] INFO  o.e.m.c.i.embedder.EclipseLogger - skip non existing resourceDirectory C:\Users\nimbo\Desktop\Radhika\16March\DS_Algo\DS_Algo\src\main\resources
2023-03-30 01:27:25,973 [Worker-22: Building] INFO  o.e.m.c.i.embedder.EclipseLogger - Using 'UTF-8' encoding to copy filtered resources.
2023-03-30 01:27:26,023 [Worker-22: Building] INFO  o.e.m.c.i.embedder.EclipseLogger - Copying 7 resources
2023-03-30 01:40:09,202 [Worker-26: Building] INFO  o.e.m.c.i.embedder.EclipseLogger - Using 'UTF-8' encoding to copy filtered resources.
2023-03-30 01:40:09,203 [Worker-26: Building] INFO  o.e.m.c.i.embedder.EclipseLogger - skip non existing resourceDirectory C:\Users\nimbo\Desktop\Radhika\16March\DS_Algo\DS_Algo\src\main\resources
2023-03-30 01:40:09,212 [Worker-26: Building] INFO  o.e.m.c.i.embedder.EclipseLogger - Using 'UTF-8' encoding to copy filtered resources.
2023-03-30 01:40:09,219 [Worker-26: Building] INFO  o.e.m.c.i.embedder.EclipseLogger - Copying 7 resources
2023-03-30 01:43:39,060 [Worker-25: Building] INFO  o.e.m.c.i.embedder.EclipseLogger - Using 'UTF-8' encoding to copy filtered resources.
2023-03-30 01:43:39,063 [Worker-25: Building] INFO  o.e.m.c.i.embedder.EclipseLogger - skip non existing resourceDirectory C:\Users\nimbo\Desktop\Radhika\16March\DS_Algo\DS_Algo\src\main\resources
2023-03-30 01:43:39,074 [Worker-25: Building] INFO  o.e.m.c.i.embedder.EclipseLogger - Using 'UTF-8' encoding to copy filtered resources.
2023-03-30 01:43:39,080 [Worker-25: Building] INFO  o.e.m.c.i.embedder.EclipseLogger - Copying 7 resources
2023-03-30 01:44:09,954 [Worker-26: Building] INFO  o.e.m.c.i.embedder.EclipseLogger - Using 'UTF-8' encoding to copy filtered resources.
2023-03-30 01:44:09,955 [Worker-26: Building] INFO  o.e.m.c.i.embedder.EclipseLogger - skip non existing resourceDirectory C:\Users\nimbo\Desktop\Radhika\16March\DS_Algo\DS_Algo\src\main\resources
2023-03-30 01:44:09,961 [Worker-26: Building] INFO  o.e.m.c.i.embedder.EclipseLogger - Using 'UTF-8' encoding to copy filtered resources.
2023-03-30 01:44:09,968 [Worker-26: Building] INFO  o.e.m.c.i.embedder.EclipseLogger - Copying 7 resources
2023-03-30 01:45:45,568 [Worker-12: Building] INFO  o.e.m.c.i.embedder.EclipseLogger - Using 'UTF-8' encoding to copy filtered resources.
2023-03-30 01:45:45,569 [Worker-12: Building] INFO  o.e.m.c.i.embedder.EclipseLogger - skip non existing resourceDirectory C:\Users\nimbo\Desktop\Radhika\16March\DS_Algo\DS_Algo\src\main\resources
2023-03-30 01:45:45,575 [Worker-12: Building] INFO  o.e.m.c.i.embedder.EclipseLogger - Using 'UTF-8' encoding to copy filtered resources.
2023-03-30 01:45:45,581 [Worker-12: Building] INFO  o.e.m.c.i.embedder.EclipseLogger - Copying 7 resources
2023-03-30 14:18:30,947 [ModalContext] INFO  o.e.m.c.i.e.AbstractTransferListenerAdapter - Downloading https://repo.maven.apache.org/maven2/com/github/xlongshu/maven/archetype-quickstart/1.0.1/archetype-quickstart-1.0.1.pom
2023-03-30 14:18:31,050 [ModalContext] INFO  o.e.m.c.i.e.AbstractTransferListenerAdapter - Downloaded https://repo.maven.apache.org/maven2/com/github/xlongshu/maven/archetype-quickstart/1.0.1/archetype-quickstart-1.0.1.pom
2023-03-30 14:18:31,121 [ModalContext] INFO  o.e.m.c.i.e.AbstractTransferListenerAdapter - Downloading https://repo.maven.apache.org/maven2/com/github/xlongshu/maven/archetype-bundles/1.0.1/archetype-bundles-1.0.1.pom
2023-03-30 14:18:31,207 [ModalContext] INFO  o.e.m.c.i.e.AbstractTransferListenerAdapter - Downloaded https://repo.maven.apache.org/maven2/com/github/xlongshu/maven/archetype-bundles/1.0.1/archetype-bundles-1.0.1.pom
2023-03-30 14:18:31,308 [ModalContext] INFO  o.e.m.c.i.e.AbstractTransferListenerAdapter - Downloading https://repo.maven.apache.org/maven2/com/github/xlongshu/maven/archetype-quickstart/1.0.1/archetype-quickstart-1.0.1.jar
2023-03-30 14:18:31,383 [ModalContext] INFO  o.e.m.c.i.e.AbstractTransferListenerAdapter - Downloaded https://repo.maven.apache.org/maven2/com/github/xlongshu/maven/archetype-quickstart/1.0.1/archetype-quickstart-1.0.1.jar
2023-03-30 14:27:59,934 [ModalContext] INFO  o.e.m.c.i.e.AbstractTransferListenerAdapter - Downloading https://repo.maven.apache.org/maven2/com/adobe/cq/spa/archetypes/aem-spa-project-archetype/4.0.0/aem-spa-project-archetype-4.0.0.pom
2023-03-30 14:28:00,162 [ModalContext] INFO  o.e.m.c.i.e.AbstractTransferListenerAdapter - Downloaded https://repo.maven.apache.org/maven2/com/adobe/cq/spa/archetypes/aem-spa-project-archetype/4.0.0/aem-spa-project-archetype-4.0.0.pom
2023-03-30 14:28:00,246 [ModalContext] INFO  o.e.m.c.i.e.AbstractTransferListenerAdapter - Downloading https://repo.maven.apache.org/maven2/com/adobe/cq/spa/archetypes/aem-spa-project-archetype/4.0.0/aem-spa-project-archetype-4.0.0.jar
2023-03-30 14:28:00,605 [ModalContext] INFO  o.e.m.c.i.e.AbstractTransferListenerAdapter - Downloaded https://repo.maven.apache.org/maven2/com/adobe/cq/spa/archetypes/aem-spa-project-archetype/4.0.0/aem-spa-project-archetype-4.0.0.jar
2023-03-31 13:21:18,726 [Worker-29: Building] INFO  o.e.m.c.i.embedder.EclipseLogger - Using 'UTF-8' encoding to copy filtered resources.
2023-03-31 13:21:18,728 [Worker-29: Building] INFO  o.e.m.c.i.embedder.EclipseLogger - skip non existing resourceDirectory C:\Users\nimbo\Desktop\Radhika\16March\DS_Algo\DS_Algo\src\main\resources
2023-03-31 13:21:18,744 [Worker-29: Building] INFO  o.e.m.c.i.embedder.EclipseLogger - Using 'UTF-8' encoding to copy filtered resources.
2023-03-31 13:21:18,756 [Worker-29: Building] INFO  o.e.m.c.i.embedder.EclipseLogger - Copying 1 resource
2023-03-31 13:21:32,825 [Worker-36: Building] INFO  o.e.m.c.i.embedder.EclipseLogger - Using 'UTF-8' encoding to copy filtered resources.
2023-03-31 13:21:32,828 [Worker-36: Building] INFO  o.e.m.c.i.embedder.EclipseLogger - skip non existing resourceDirectory C:\Users\nimbo\Desktop\Radhika\16March\DS_Algo\DS_Algo\src\main\resources
2023-03-31 13:21:32,842 [Worker-36: Building] INFO  o.e.m.c.i.embedder.EclipseLogger - Using 'UTF-8' encoding to copy filtered resources.
2023-03-31 13:21:32,847 [Worker-36: Building] INFO  o.e.m.c.i.embedder.EclipseLogger - Copying 1 resource
2023-03-31 15:12:51,489 [Worker-3: Loading available Gradle versions] INFO  o.e.b.c.i.u.g.PublishedGradleVersions - Gradle version information cache is out-of-date. Trying to update.
2023-04-02 18:49:56,615 [Worker-4: Loading available Gradle versions] INFO  o.e.b.c.i.u.g.PublishedGradleVersions - Gradle version information cache is out-of-date. Trying to update.
2023-04-23 00:08:08,879 [Worker-2: Loading available Gradle versions] INFO  o.e.b.c.i.u.g.PublishedGradleVersions - Gradle version information cache is out-of-date. Trying to update.
2023-04-28 17:46:26,701 [Worker-5: Loading available Gradle versions] INFO  o.e.b.c.i.u.g.PublishedGradleVersions - Gradle version information cache is out-of-date. Trying to update.
